TpTrace Verbose: 0 : 20196, 1, 2022/07/12, 18:49:58.826, 689974211671, vstest.console.dll, Version: 17.2.0-release-20220408-11 Current process architecture: X64
TpTrace Information: 0 : 20196, 1, 2022/07/12, 18:49:58.832, 689974271909, vstest.console.dll, FilePatternParser: The given file D:\Documents\Codes\DikaoRpgSimulator - Copy\DikaoRpgSimulator.Tests\bin\Debug\net6.0\fine-code-coverage\build-output\DikaoRpgSimulator.Tests.dll is a full path.
TpTrace Verbose: 0 : 20196, 1, 2022/07/12, 18:49:58.838, 689974334933, vstest.console.dll, TestPluginCache.DiscoverTestExtensions: finding test extensions in assemblies ends with: RuntimeProvider.dll TPluginInfo: Microsoft.VisualStudio.TestPlatform.Common.ExtensionFramework.Utilities.TestRuntimePluginInformation TExtension: Microsoft.VisualStudio.TestPlatform.ObjectModel.Host.ITestRuntimeProvider
TpTrace Verbose: 0 : 20196, 1, 2022/07/12, 18:49:58.840, 689974355562, vstest.console.dll, TestPluginCache.GetExtensionPaths: Filtered extension paths: 
TpTrace Verbose: 0 : 20196, 1, 2022/07/12, 18:49:58.840, 689974356262, vstest.console.dll, TestPluginCache.GetExtensionPaths: Added default extension paths: C:\Program Files\dotnet\sdk\6.0.300\Extensions\DumpMinitool.exe
C:\Program Files\dotnet\sdk\6.0.300\Extensions\DumpMinitool.x86.exe
C:\Program Files\dotnet\sdk\6.0.300\Extensions\Microsoft.Diagnostics.NETCore.Client.dll
C:\Program Files\dotnet\sdk\6.0.300\Extensions\Microsoft.TestPlatform.Extensions.BlameDataCollector.dll
C:\Program Files\dotnet\sdk\6.0.300\Extensions\Microsoft.TestPlatform.Extensions.EventLogCollector.dll
C:\Program Files\dotnet\sdk\6.0.300\Extensions\Microsoft.TestPlatform.TestHostRuntimeProvider.dll
C:\Program Files\dotnet\sdk\6.0.300\Extensions\Microsoft.VisualStudio.TestPlatform.Extensions.Html.TestLogger.dll
C:\Program Files\dotnet\sdk\6.0.300\Extensions\Microsoft.VisualStudio.TestPlatform.Extensions.Trx.TestLogger.dll
TpTrace Verbose: 0 : 20196, 1, 2022/07/12, 18:49:58.840, 689974356571, vstest.console.dll, TestPluginCache.GetExtensionPaths: Added unfilterableExtensionPaths: 
TpTrace Information: 0 : 20196, 1, 2022/07/12, 18:49:58.841, 689974361749, vstest.console.dll, AssemblyResolver.ctor: Creating AssemblyResolver with searchDirectories C:\Program Files\dotnet\sdk\6.0.300\Extensions,C:\Program Files\dotnet\sdk\6.0.300
TpTrace Verbose: 0 : 20196, 1, 2022/07/12, 18:49:58.841, 689974367723, vstest.console.dll, TestPluginCache.DiscoverTestExtensions: Discovering the extensions using extension path.
TpTrace Verbose: 0 : 20196, 1, 2022/07/12, 18:49:58.841, 689974368598, vstest.console.dll, TestPluginCache.GetExtensionPaths: Filtered extension paths: 
TpTrace Verbose: 0 : 20196, 1, 2022/07/12, 18:49:58.841, 689974368970, vstest.console.dll, TestPluginCache.GetExtensionPaths: Added default extension paths: C:\Program Files\dotnet\sdk\6.0.300\Extensions\DumpMinitool.exe
C:\Program Files\dotnet\sdk\6.0.300\Extensions\DumpMinitool.x86.exe
C:\Program Files\dotnet\sdk\6.0.300\Extensions\Microsoft.Diagnostics.NETCore.Client.dll
C:\Program Files\dotnet\sdk\6.0.300\Extensions\Microsoft.TestPlatform.Extensions.BlameDataCollector.dll
C:\Program Files\dotnet\sdk\6.0.300\Extensions\Microsoft.TestPlatform.Extensions.EventLogCollector.dll
C:\Program Files\dotnet\sdk\6.0.300\Extensions\Microsoft.TestPlatform.TestHostRuntimeProvider.dll
C:\Program Files\dotnet\sdk\6.0.300\Extensions\Microsoft.VisualStudio.TestPlatform.Extensions.Html.TestLogger.dll
C:\Program Files\dotnet\sdk\6.0.300\Extensions\Microsoft.VisualStudio.TestPlatform.Extensions.Trx.TestLogger.dll
TpTrace Verbose: 0 : 20196, 1, 2022/07/12, 18:49:58.841, 689974369231, vstest.console.dll, TestPluginCache.GetExtensionPaths: Added unfilterableExtensionPaths: 
TpTrace Verbose: 0 : 20196, 1, 2022/07/12, 18:49:58.841, 689974369751, vstest.console.dll, TestPluginCache.DiscoverTestExtensions: Discovering the extensions using allExtensionPaths: C:\Program Files\dotnet\sdk\6.0.300\Extensions\DumpMinitool.exe
C:\Program Files\dotnet\sdk\6.0.300\Extensions\DumpMinitool.x86.exe
C:\Program Files\dotnet\sdk\6.0.300\Extensions\Microsoft.Diagnostics.NETCore.Client.dll
C:\Program Files\dotnet\sdk\6.0.300\Extensions\Microsoft.TestPlatform.Extensions.BlameDataCollector.dll
C:\Program Files\dotnet\sdk\6.0.300\Extensions\Microsoft.TestPlatform.Extensions.EventLogCollector.dll
C:\Program Files\dotnet\sdk\6.0.300\Extensions\Microsoft.TestPlatform.TestHostRuntimeProvider.dll
C:\Program Files\dotnet\sdk\6.0.300\Extensions\Microsoft.VisualStudio.TestPlatform.Extensions.Html.TestLogger.dll
C:\Program Files\dotnet\sdk\6.0.300\Extensions\Microsoft.VisualStudio.TestPlatform.Extensions.Trx.TestLogger.dll
TpTrace Information: 0 : 20196, 1, 2022/07/12, 18:49:58.841, 689974370961, vstest.console.dll, AssemblyResolver.AddSearchDirectories: Adding more searchDirectories C:\Program Files\dotnet\sdk\6.0.300\Extensions,C:\Program Files\dotnet\sdk\6.0.300
TpTrace Information: 0 : 20196, 1, 2022/07/12, 18:49:58.842, 689974371380, vstest.console.dll, AssemblyResolver.AddSearchDirectories: Adding more searchDirectories C:\Program Files\dotnet\sdk\6.0.300\Extensions,C:\Program Files\dotnet\sdk\6.0.300
TpTrace Information: 0 : 20196, 1, 2022/07/12, 18:49:58.842, 689974371652, vstest.console.dll, AssemblyResolver.AddSearchDirectories: Adding more searchDirectories C:\Program Files\dotnet\sdk\6.0.300\Extensions,C:\Program Files\dotnet\sdk\6.0.300
TpTrace Information: 0 : 20196, 1, 2022/07/12, 18:49:58.842, 689974371943, vstest.console.dll, AssemblyResolver.AddSearchDirectories: Adding more searchDirectories C:\Program Files\dotnet\sdk\6.0.300\Extensions,C:\Program Files\dotnet\sdk\6.0.300
TpTrace Information: 0 : 20196, 1, 2022/07/12, 18:49:58.842, 689974372193, vstest.console.dll, AssemblyResolver.AddSearchDirectories: Adding more searchDirectories C:\Program Files\dotnet\sdk\6.0.300\Extensions,C:\Program Files\dotnet\sdk\6.0.300
TpTrace Information: 0 : 20196, 1, 2022/07/12, 18:49:58.842, 689974372436, vstest.console.dll, AssemblyResolver.AddSearchDirectories: Adding more searchDirectories C:\Program Files\dotnet\sdk\6.0.300\Extensions,C:\Program Files\dotnet\sdk\6.0.300
TpTrace Information: 0 : 20196, 1, 2022/07/12, 18:49:58.842, 689974372676, vstest.console.dll, AssemblyResolver.AddSearchDirectories: Adding more searchDirectories C:\Program Files\dotnet\sdk\6.0.300\Extensions,C:\Program Files\dotnet\sdk\6.0.300
TpTrace Information: 0 : 20196, 1, 2022/07/12, 18:49:58.842, 689974372923, vstest.console.dll, AssemblyResolver.AddSearchDirectories: Adding more searchDirectories C:\Program Files\dotnet\sdk\6.0.300\Extensions,C:\Program Files\dotnet\sdk\6.0.300
TpTrace Information: 0 : 20196, 1, 2022/07/12, 18:49:58.842, 689974375753, vstest.console.dll, AssemblyResolver.OnResolve: DumpMinitool: Resolving assembly.
TpTrace Information: 0 : 20196, 1, 2022/07/12, 18:49:58.842, 689974376252, vstest.console.dll, AssemblyResolver.OnResolve: DumpMinitool: Searching in: 'C:\Program Files\dotnet\sdk\6.0.300\Extensions'.
TpTrace Information: 0 : 20196, 1, 2022/07/12, 18:49:58.842, 689974377000, vstest.console.dll, AssemblyResolver.OnResolve: DumpMinitool: Assembly path does not exist: 'C:\Program Files\dotnet\sdk\6.0.300\Extensions\DumpMinitool.dll', returning.
TpTrace Information: 0 : 20196, 1, 2022/07/12, 18:49:58.842, 689974379392, vstest.console.dll, AssemblyResolver.OnResolve: DumpMinitool: Loading assembly 'C:\Program Files\dotnet\sdk\6.0.300\Extensions\DumpMinitool.exe'.
TpTrace Information: 0 : 20196, 1, 2022/07/12, 18:49:58.843, 689974382729, vstest.console.dll, AssemblyResolver.OnResolve: Resolved assembly: DumpMinitool, from path: C:\Program Files\dotnet\sdk\6.0.300\Extensions\DumpMinitool.exe
TpTrace Verbose: 0 : 20196, 1, 2022/07/12, 18:49:58.847, 689974427209, vstest.console.dll, MetadataReaderExtensionsHelper: Discovering extensions inside assembly 'DumpMinitool, Version=15.0.0.0, Culture=neutral, PublicKeyToken=b03f5f7f11d50a3a' file path 'C:\Program Files\dotnet\sdk\6.0.300\Extensions\DumpMinitool.exe'
TpTrace Information: 0 : 20196, 1, 2022/07/12, 18:49:58.851, 689974471054, vstest.console.dll, AssemblyResolver.OnResolve: DumpMinitool.x86: Resolving assembly.
TpTrace Information: 0 : 20196, 1, 2022/07/12, 18:49:58.852, 689974471806, vstest.console.dll, AssemblyResolver.OnResolve: DumpMinitool.x86: Searching in: 'C:\Program Files\dotnet\sdk\6.0.300\Extensions'.
TpTrace Information: 0 : 20196, 1, 2022/07/12, 18:49:58.852, 689974472389, vstest.console.dll, AssemblyResolver.OnResolve: DumpMinitool.x86: Assembly path does not exist: 'C:\Program Files\dotnet\sdk\6.0.300\Extensions\DumpMinitool.x86.dll', returning.
TpTrace Information: 0 : 20196, 1, 2022/07/12, 18:49:58.852, 689974474018, vstest.console.dll, AssemblyResolver.OnResolve: DumpMinitool.x86: Loading assembly 'C:\Program Files\dotnet\sdk\6.0.300\Extensions\DumpMinitool.x86.exe'.
TpTrace Information: 0 : 20196, 1, 2022/07/12, 18:49:58.852, 689974476839, vstest.console.dll, AssemblyResolver.OnResolve: Resolved assembly: DumpMinitool.x86, from path: C:\Program Files\dotnet\sdk\6.0.300\Extensions\DumpMinitool.x86.exe
TpTrace Verbose: 0 : 20196, 1, 2022/07/12, 18:49:58.852, 689974477320, vstest.console.dll, MetadataReaderExtensionsHelper: Discovering extensions inside assembly 'DumpMinitool.x86, Version=15.0.0.0, Culture=neutral, PublicKeyToken=b03f5f7f11d50a3a' file path 'C:\Program Files\dotnet\sdk\6.0.300\Extensions\DumpMinitool.x86.exe'
TpTrace Information: 0 : 20196, 1, 2022/07/12, 18:49:58.852, 689974480804, vstest.console.dll, AssemblyResolver.OnResolve: Microsoft.Diagnostics.NETCore.Client: Resolving assembly.
TpTrace Information: 0 : 20196, 1, 2022/07/12, 18:49:58.852, 689974481212, vstest.console.dll, AssemblyResolver.OnResolve: Microsoft.Diagnostics.NETCore.Client: Searching in: 'C:\Program Files\dotnet\sdk\6.0.300\Extensions'.
TpTrace Information: 0 : 20196, 1, 2022/07/12, 18:49:58.853, 689974482849, vstest.console.dll, AssemblyResolver.OnResolve: Microsoft.Diagnostics.NETCore.Client: Loading assembly 'C:\Program Files\dotnet\sdk\6.0.300\Extensions\Microsoft.Diagnostics.NETCore.Client.dll'.
TpTrace Information: 0 : 20196, 1, 2022/07/12, 18:49:58.853, 689974487189, vstest.console.dll, AssemblyResolver.OnResolve: Resolved assembly: Microsoft.Diagnostics.NETCore.Client, from path: C:\Program Files\dotnet\sdk\6.0.300\Extensions\Microsoft.Diagnostics.NETCore.Client.dll
TpTrace Verbose: 0 : 20196, 1, 2022/07/12, 18:49:58.853, 689974487932, vstest.console.dll, MetadataReaderExtensionsHelper: Discovering extensions inside assembly 'Microsoft.Diagnostics.NETCore.Client, Version=0.2.5.801, Culture=neutral, PublicKeyToken=31bf3856ad364e35' file path 'C:\Program Files\dotnet\sdk\6.0.300\Extensions\Microsoft.Diagnostics.NETCore.Client.dll'
TpTrace Information: 0 : 20196, 1, 2022/07/12, 18:49:58.858, 689974539282, vstest.console.dll, AssemblyResolver.OnResolve: Microsoft.Bcl.AsyncInterfaces: Resolving assembly.
TpTrace Information: 0 : 20196, 1, 2022/07/12, 18:49:58.858, 689974539831, vstest.console.dll, AssemblyResolver.OnResolve: Microsoft.Bcl.AsyncInterfaces: Searching in: 'C:\Program Files\dotnet\sdk\6.0.300\Extensions'.
TpTrace Information: 0 : 20196, 1, 2022/07/12, 18:49:58.858, 689974540367, vstest.console.dll, AssemblyResolver.OnResolve: Microsoft.Bcl.AsyncInterfaces: Assembly path does not exist: 'C:\Program Files\dotnet\sdk\6.0.300\Extensions\Microsoft.Bcl.AsyncInterfaces.dll', returning.
TpTrace Information: 0 : 20196, 1, 2022/07/12, 18:49:58.858, 689974540871, vstest.console.dll, AssemblyResolver.OnResolve: Microsoft.Bcl.AsyncInterfaces: Assembly path does not exist: 'C:\Program Files\dotnet\sdk\6.0.300\Extensions\Microsoft.Bcl.AsyncInterfaces.exe', returning.
TpTrace Information: 0 : 20196, 1, 2022/07/12, 18:49:58.858, 689974541129, vstest.console.dll, AssemblyResolver.OnResolve: Microsoft.Bcl.AsyncInterfaces: Searching in: 'C:\Program Files\dotnet\sdk\6.0.300'.
TpTrace Information: 0 : 20196, 1, 2022/07/12, 18:49:58.859, 689974541564, vstest.console.dll, AssemblyResolver.OnResolve: Microsoft.Bcl.AsyncInterfaces: Assembly path does not exist: 'C:\Program Files\dotnet\sdk\6.0.300\Microsoft.Bcl.AsyncInterfaces.dll', returning.
TpTrace Information: 0 : 20196, 1, 2022/07/12, 18:49:58.859, 689974541985, vstest.console.dll, AssemblyResolver.OnResolve: Microsoft.Bcl.AsyncInterfaces: Assembly path does not exist: 'C:\Program Files\dotnet\sdk\6.0.300\Microsoft.Bcl.AsyncInterfaces.exe', returning.
TpTrace Information: 0 : 20196, 1, 2022/07/12, 18:49:58.859, 689974542257, vstest.console.dll, AssemblyResolver.OnResolve: Microsoft.Bcl.AsyncInterfaces: Failed to load assembly.
TpTrace Verbose: 0 : 20196, 1, 2022/07/12, 18:49:58.859, 689974542622, vstest.console.dll, CurrentDomainAssemblyResolve: Resolving assembly 'Microsoft.Bcl.AsyncInterfaces'.
TpTrace Information: 0 : 20196, 1, 2022/07/12, 18:49:58.859, 689974543057, vstest.console.dll, AssemblyResolver.OnResolve: Microsoft.Bcl.AsyncInterfaces: Resolving assembly.
TpTrace Information: 0 : 20196, 1, 2022/07/12, 18:49:58.859, 689974543362, vstest.console.dll, AssemblyResolver.OnResolve: Microsoft.Bcl.AsyncInterfaces: Resolved from cache.
TpTrace Verbose: 0 : 20196, 1, 2022/07/12, 18:49:58.859, 689974543617, vstest.console.dll, CurrentDomainAssemblyResolve: Resolving assembly 'Microsoft.Bcl.AsyncInterfaces'.
TpTrace Verbose: 0 : 20196, 1, 2022/07/12, 18:49:58.859, 689974543978, vstest.console.dll, CurrentDomainAssemblyResolve: Failed to resolve assembly 'Microsoft.Bcl.AsyncInterfaces'.
TpTrace Verbose: 0 : 20196, 1, 2022/07/12, 18:49:58.859, 689974547085, vstest.console.dll, CurrentDomainAssemblyResolve: Failed to resolve assembly 'Microsoft.Bcl.AsyncInterfaces'.
TpTrace Warning: 0 : 20196, 1, 2022/07/12, 18:49:58.866, 689974615094, vstest.console.dll, TestPluginDiscoverer: Failed to get types from assembly 'Microsoft.Diagnostics.NETCore.Client, Version=0.2.5.801, Culture=neutral, PublicKeyToken=31bf3856ad364e35'. Error: System.Reflection.ReflectionTypeLoadException: Unable to load one or more of the requested types.
Could not load file or assembly 'Microsoft.Bcl.AsyncInterfaces, Version=1.0.0.0, Culture=neutral, PublicKeyToken=cc7b13ffcd2ddd51'. The system cannot find the file specified.
   at System.Reflection.RuntimeModule.GetTypes(RuntimeModule module)
   at System.Reflection.Assembly.GetTypes()
   at Microsoft.VisualStudio.TestPlatform.Common.ExtensionFramework.TestPluginDiscoverer.GetTestExtensionsFromAssembly[TPluginInfo,TExtension](Assembly assembly, Dictionary`2 pluginInfos, String filePath)
System.IO.FileNotFoundException: Could not load file or assembly 'Microsoft.Bcl.AsyncInterfaces, Version=1.0.0.0, Culture=neutral, PublicKeyToken=cc7b13ffcd2ddd51'. The system cannot find the file specified.
File name: 'Microsoft.Bcl.AsyncInterfaces, Version=1.0.0.0, Culture=neutral, PublicKeyToken=cc7b13ffcd2ddd51'
 ---> System.IO.FileNotFoundException: Could not load file or assembly 'Microsoft.Bcl.AsyncInterfaces, Culture=neutral, PublicKeyToken=null'. The system cannot find the file specified.
File name: 'Microsoft.Bcl.AsyncInterfaces, Culture=neutral, PublicKeyToken=null'
   at System.Reflection.RuntimeAssembly.InternalLoad(ObjectHandleOnStack assemblyName, ObjectHandleOnStack requestingAssembly, StackCrawlMarkHandle stackMark, Boolean throwOnFileNotFound, ObjectHandleOnStack assemblyLoadContext, ObjectHandleOnStack retAssembly)
   at System.Reflection.RuntimeAssembly.InternalLoad(AssemblyName assemblyName, RuntimeAssembly requestingAssembly, StackCrawlMark& stackMark, Boolean throwOnFileNotFound, AssemblyLoadContext assemblyLoadContext)
   at System.Reflection.Assembly.Load(AssemblyName assemblyRef)
   at Microsoft.VisualStudio.TestPlatform.Common.ExtensionFramework.TestPluginCache.CurrentDomainAssemblyResolve(Object sender, AssemblyResolveEventArgs args)
   at Microsoft.VisualStudio.TestPlatform.PlatformAbstractions.PlatformAssemblyResolver.AssemblyResolverEvent(Object sender, Object eventArgs)
   at System.Runtime.Loader.AssemblyLoadContext.GetFirstResolvedAssemblyFromResolvingEvent(AssemblyName assemblyName)
   at System.Runtime.Loader.AssemblyLoadContext.ResolveUsingEvent(AssemblyName assemblyName)
   at System.Runtime.Loader.AssemblyLoadContext.ResolveUsingResolvingEvent(IntPtr gchManagedAssemblyLoadContext, AssemblyName assemblyName)
TpTrace Warning: 0 : 20196, 1, 2022/07/12, 18:49:58.866, 689974617104, vstest.console.dll, LoaderExceptions: System.IO.FileNotFoundException: Could not load file or assembly 'Microsoft.Bcl.AsyncInterfaces, Version=1.0.0.0, Culture=neutral, PublicKeyToken=cc7b13ffcd2ddd51'. The system cannot find the file specified.
File name: 'Microsoft.Bcl.AsyncInterfaces, Version=1.0.0.0, Culture=neutral, PublicKeyToken=cc7b13ffcd2ddd51'
 ---> System.IO.FileNotFoundException: Could not load file or assembly 'Microsoft.Bcl.AsyncInterfaces, Culture=neutral, PublicKeyToken=null'. The system cannot find the file specified.
File name: 'Microsoft.Bcl.AsyncInterfaces, Culture=neutral, PublicKeyToken=null'
   at System.Reflection.RuntimeAssembly.InternalLoad(ObjectHandleOnStack assemblyName, ObjectHandleOnStack requestingAssembly, StackCrawlMarkHandle stackMark, Boolean throwOnFileNotFound, ObjectHandleOnStack assemblyLoadContext, ObjectHandleOnStack retAssembly)
   at System.Reflection.RuntimeAssembly.InternalLoad(AssemblyName assemblyName, RuntimeAssembly requestingAssembly, StackCrawlMark& stackMark, Boolean throwOnFileNotFound, AssemblyLoadContext assemblyLoadContext)
   at System.Reflection.Assembly.Load(AssemblyName assemblyRef)
   at Microsoft.VisualStudio.TestPlatform.Common.ExtensionFramework.TestPluginCache.CurrentDomainAssemblyResolve(Object sender, AssemblyResolveEventArgs args)
   at Microsoft.VisualStudio.TestPlatform.PlatformAbstractions.PlatformAssemblyResolver.AssemblyResolverEvent(Object sender, Object eventArgs)
   at System.Runtime.Loader.AssemblyLoadContext.GetFirstResolvedAssemblyFromResolvingEvent(AssemblyName assemblyName)
   at System.Runtime.Loader.AssemblyLoadContext.ResolveUsingEvent(AssemblyName assemblyName)
   at System.Runtime.Loader.AssemblyLoadContext.ResolveUsingResolvingEvent(IntPtr gchManagedAssemblyLoadContext, AssemblyName assemblyName)
TpTrace Information: 0 : 20196, 1, 2022/07/12, 18:49:58.866, 689974617916, vstest.console.dll, AssemblyResolver.OnResolve: Microsoft.TestPlatform.Extensions.BlameDataCollector: Resolving assembly.
TpTrace Information: 0 : 20196, 1, 2022/07/12, 18:49:58.866, 689974618242, vstest.console.dll, AssemblyResolver.OnResolve: Microsoft.TestPlatform.Extensions.BlameDataCollector: Searching in: 'C:\Program Files\dotnet\sdk\6.0.300\Extensions'.
TpTrace Information: 0 : 20196, 1, 2022/07/12, 18:49:58.866, 689974620155, vstest.console.dll, AssemblyResolver.OnResolve: Microsoft.TestPlatform.Extensions.BlameDataCollector: Loading assembly 'C:\Program Files\dotnet\sdk\6.0.300\Extensions\Microsoft.TestPlatform.Extensions.BlameDataCollector.dll'.
TpTrace Information: 0 : 20196, 1, 2022/07/12, 18:49:58.867, 689974623581, vstest.console.dll, AssemblyResolver.OnResolve: Resolved assembly: Microsoft.TestPlatform.Extensions.BlameDataCollector, from path: C:\Program Files\dotnet\sdk\6.0.300\Extensions\Microsoft.TestPlatform.Extensions.BlameDataCollector.dll
TpTrace Verbose: 0 : 20196, 1, 2022/07/12, 18:49:58.867, 689974624061, vstest.console.dll, MetadataReaderExtensionsHelper: Discovering extensions inside assembly 'Microsoft.TestPlatform.Extensions.BlameDataCollector, Version=15.0.0.0, Culture=neutral, PublicKeyToken=b03f5f7f11d50a3a' file path 'C:\Program Files\dotnet\sdk\6.0.300\Extensions\Microsoft.TestPlatform.Extensions.BlameDataCollector.dll'
TpTrace Information: 0 : 20196, 1, 2022/07/12, 18:49:58.868, 689974631577, vstest.console.dll, AssemblyResolver.OnResolve: Microsoft.TestPlatform.Extensions.EventLogCollector: Resolving assembly.
TpTrace Information: 0 : 20196, 1, 2022/07/12, 18:49:58.868, 689974632000, vstest.console.dll, AssemblyResolver.OnResolve: Microsoft.TestPlatform.Extensions.EventLogCollector: Searching in: 'C:\Program Files\dotnet\sdk\6.0.300\Extensions'.
TpTrace Information: 0 : 20196, 1, 2022/07/12, 18:49:58.868, 689974633653, vstest.console.dll, AssemblyResolver.OnResolve: Microsoft.TestPlatform.Extensions.EventLogCollector: Loading assembly 'C:\Program Files\dotnet\sdk\6.0.300\Extensions\Microsoft.TestPlatform.Extensions.EventLogCollector.dll'.
TpTrace Information: 0 : 20196, 1, 2022/07/12, 18:49:58.868, 689974635908, vstest.console.dll, AssemblyResolver.OnResolve: Resolved assembly: Microsoft.TestPlatform.Extensions.EventLogCollector, from path: C:\Program Files\dotnet\sdk\6.0.300\Extensions\Microsoft.TestPlatform.Extensions.EventLogCollector.dll
TpTrace Verbose: 0 : 20196, 1, 2022/07/12, 18:49:58.868, 689974636432, vstest.console.dll, MetadataReaderExtensionsHelper: Discovering extensions inside assembly 'Microsoft.TestPlatform.Extensions.EventLogCollector, Version=15.0.0.0, Culture=neutral, PublicKeyToken=b03f5f7f11d50a3a' file path 'C:\Program Files\dotnet\sdk\6.0.300\Extensions\Microsoft.TestPlatform.Extensions.EventLogCollector.dll'
TpTrace Information: 0 : 20196, 1, 2022/07/12, 18:49:58.869, 689974645140, vstest.console.dll, AssemblyResolver.OnResolve: Microsoft.TestPlatform.TestHostRuntimeProvider: Resolving assembly.
TpTrace Information: 0 : 20196, 1, 2022/07/12, 18:49:58.869, 689974645966, vstest.console.dll, AssemblyResolver.OnResolve: Microsoft.TestPlatform.TestHostRuntimeProvider: Searching in: 'C:\Program Files\dotnet\sdk\6.0.300\Extensions'.
TpTrace Information: 0 : 20196, 1, 2022/07/12, 18:49:58.869, 689974648511, vstest.console.dll, AssemblyResolver.OnResolve: Microsoft.TestPlatform.TestHostRuntimeProvider: Loading assembly 'C:\Program Files\dotnet\sdk\6.0.300\Extensions\Microsoft.TestPlatform.TestHostRuntimeProvider.dll'.
TpTrace Information: 0 : 20196, 1, 2022/07/12, 18:49:58.870, 689974651779, vstest.console.dll, AssemblyResolver.OnResolve: Resolved assembly: Microsoft.TestPlatform.TestHostRuntimeProvider, from path: C:\Program Files\dotnet\sdk\6.0.300\Extensions\Microsoft.TestPlatform.TestHostRuntimeProvider.dll
TpTrace Verbose: 0 : 20196, 1, 2022/07/12, 18:49:58.870, 689974652290, vstest.console.dll, MetadataReaderExtensionsHelper: Discovering extensions inside assembly 'Microsoft.TestPlatform.TestHostRuntimeProvider, Version=15.0.0.0, Culture=neutral, PublicKeyToken=b03f5f7f11d50a3a' file path 'C:\Program Files\dotnet\sdk\6.0.300\Extensions\Microsoft.TestPlatform.TestHostRuntimeProvider.dll'
TpTrace Information: 0 : 20196, 1, 2022/07/12, 18:49:58.871, 689974664109, vstest.console.dll, GetTestExtensionFromType: Register extension with identifier data 'HostProvider://DefaultTestHost' and type 'Microsoft.VisualStudio.TestPlatform.CrossPlatEngine.Hosting.DefaultTestHostManager, Microsoft.TestPlatform.TestHostRuntimeProvider, Version=15.0.0.0, Culture=neutral, PublicKeyToken=b03f5f7f11d50a3a' inside file 'C:\Program Files\dotnet\sdk\6.0.300\Extensions\Microsoft.TestPlatform.TestHostRuntimeProvider.dll'
TpTrace Information: 0 : 20196, 1, 2022/07/12, 18:49:58.871, 689974664699, vstest.console.dll, GetTestExtensionFromType: Register extension with identifier data 'HostProvider://DotnetTestHost' and type 'Microsoft.VisualStudio.TestPlatform.CrossPlatEngine.Hosting.DotnetTestHostManager, Microsoft.TestPlatform.TestHostRuntimeProvider, Version=15.0.0.0, Culture=neutral, PublicKeyToken=b03f5f7f11d50a3a' inside file 'C:\Program Files\dotnet\sdk\6.0.300\Extensions\Microsoft.TestPlatform.TestHostRuntimeProvider.dll'
TpTrace Information: 0 : 20196, 1, 2022/07/12, 18:49:58.871, 689974665277, vstest.console.dll, AssemblyResolver.OnResolve: Microsoft.VisualStudio.TestPlatform.Extensions.Html.TestLogger: Resolving assembly.
TpTrace Information: 0 : 20196, 1, 2022/07/12, 18:49:58.871, 689974665578, vstest.console.dll, AssemblyResolver.OnResolve: Microsoft.VisualStudio.TestPlatform.Extensions.Html.TestLogger: Searching in: 'C:\Program Files\dotnet\sdk\6.0.300\Extensions'.
TpTrace Information: 0 : 20196, 1, 2022/07/12, 18:49:58.871, 689974667138, vstest.console.dll, AssemblyResolver.OnResolve: Microsoft.VisualStudio.TestPlatform.Extensions.Html.TestLogger: Loading assembly 'C:\Program Files\dotnet\sdk\6.0.300\Extensions\Microsoft.VisualStudio.TestPlatform.Extensions.Html.TestLogger.dll'.
TpTrace Information: 0 : 20196, 1, 2022/07/12, 18:49:58.871, 689974670198, vstest.console.dll, AssemblyResolver.OnResolve: Resolved assembly: Microsoft.VisualStudio.TestPlatform.Extensions.Html.TestLogger, from path: C:\Program Files\dotnet\sdk\6.0.300\Extensions\Microsoft.VisualStudio.TestPlatform.Extensions.Html.TestLogger.dll
TpTrace Verbose: 0 : 20196, 1, 2022/07/12, 18:49:58.871, 689974670686, vstest.console.dll, MetadataReaderExtensionsHelper: Discovering extensions inside assembly 'Microsoft.VisualStudio.TestPlatform.Extensions.Html.TestLogger, Version=15.0.0.0, Culture=neutral, PublicKeyToken=b03f5f7f11d50a3a' file path 'C:\Program Files\dotnet\sdk\6.0.300\Extensions\Microsoft.VisualStudio.TestPlatform.Extensions.Html.TestLogger.dll'
TpTrace Information: 0 : 20196, 1, 2022/07/12, 18:49:58.872, 689974674302, vstest.console.dll, AssemblyResolver.OnResolve: Microsoft.VisualStudio.TestPlatform.Extensions.Trx.TestLogger: Resolving assembly.
TpTrace Information: 0 : 20196, 1, 2022/07/12, 18:49:58.872, 689974674697, vstest.console.dll, AssemblyResolver.OnResolve: Microsoft.VisualStudio.TestPlatform.Extensions.Trx.TestLogger: Searching in: 'C:\Program Files\dotnet\sdk\6.0.300\Extensions'.
TpTrace Information: 0 : 20196, 1, 2022/07/12, 18:49:58.872, 689974676353, vstest.console.dll, AssemblyResolver.OnResolve: Microsoft.VisualStudio.TestPlatform.Extensions.Trx.TestLogger: Loading assembly 'C:\Program Files\dotnet\sdk\6.0.300\Extensions\Microsoft.VisualStudio.TestPlatform.Extensions.Trx.TestLogger.dll'.
TpTrace Information: 0 : 20196, 1, 2022/07/12, 18:49:58.872, 689974679777, vstest.console.dll, AssemblyResolver.OnResolve: Resolved assembly: Microsoft.VisualStudio.TestPlatform.Extensions.Trx.TestLogger, from path: C:\Program Files\dotnet\sdk\6.0.300\Extensions\Microsoft.VisualStudio.TestPlatform.Extensions.Trx.TestLogger.dll
TpTrace Verbose: 0 : 20196, 1, 2022/07/12, 18:49:58.872, 689974680270, vstest.console.dll, MetadataReaderExtensionsHelper: Discovering extensions inside assembly 'Microsoft.VisualStudio.TestPlatform.Extensions.Trx.TestLogger, Version=15.0.0.0, Culture=neutral, PublicKeyToken=b03f5f7f11d50a3a' file path 'C:\Program Files\dotnet\sdk\6.0.300\Extensions\Microsoft.VisualStudio.TestPlatform.Extensions.Trx.TestLogger.dll'
TpTrace Verbose: 0 : 20196, 1, 2022/07/12, 18:49:58.873, 689974685806, vstest.console.dll, TestPluginCache: Discovered the extensions using extension path ''.
TpTrace Verbose: 0 : 20196, 1, 2022/07/12, 18:49:58.873, 689974686233, vstest.console.dll, TestPluginCache: Discoverers are ''.
TpTrace Verbose: 0 : 20196, 1, 2022/07/12, 18:49:58.873, 689974686517, vstest.console.dll, TestPluginCache: Executors are ''.
TpTrace Verbose: 0 : 20196, 1, 2022/07/12, 18:49:58.873, 689974686734, vstest.console.dll, TestPluginCache: Executors2 are ''.
TpTrace Verbose: 0 : 20196, 1, 2022/07/12, 18:49:58.873, 689974686939, vstest.console.dll, TestPluginCache: Setting providers are ''.
TpTrace Verbose: 0 : 20196, 1, 2022/07/12, 18:49:58.873, 689974687142, vstest.console.dll, TestPluginCache: Loggers are ''.
TpTrace Verbose: 0 : 20196, 1, 2022/07/12, 18:49:58.873, 689974687680, vstest.console.dll, TestPluginCache: TestHosts are 'HostProvider://DefaultTestHost,HostProvider://DotnetTestHost'.
TpTrace Verbose: 0 : 20196, 1, 2022/07/12, 18:49:58.873, 689974687955, vstest.console.dll, TestPluginCache: DataCollectors are ''.
TpTrace Information: 0 : 20196, 1, 2022/07/12, 18:49:58.880, 689974759552, vstest.console.dll, RunTestsArgumentProcessor:Execute: Test run is starting.
TpTrace Verbose: 0 : 20196, 1, 2022/07/12, 18:49:58.880, 689974759988, vstest.console.dll, RunTestsArgumentProcessor:Execute: Queuing Test run.
TpTrace Information: 0 : 20196, 1, 2022/07/12, 18:49:58.881, 689974761360, vstest.console.dll, TestRequestManager.RunTests: run tests started.
TpTrace Information: 0 : 20196, 1, 2022/07/12, 18:49:58.889, 689974841488, vstest.console.dll, AssemblyMetadataProvider.GetFrameWork: Determined framework:'.NETCoreApp,Version=v6.0' for source: 'D:\Documents\Codes\DikaoRpgSimulator - Copy\DikaoRpgSimulator.Tests\bin\Debug\net6.0\fine-code-coverage\build-output\DikaoRpgSimulator.Tests.dll'
TpTrace Information: 0 : 20196, 1, 2022/07/12, 18:49:58.889, 689974842906, vstest.console.dll, Determined framework for all sources: .NETCoreApp,Version=v6.0
TpTrace Verbose: 0 : 20196, 1, 2022/07/12, 18:49:58.889, 689974846014, vstest.console.dll, TestRequestManager.UpdateRunSettingsIfRequired: Default architecture: X64 IsDefaultTargetArchitecture: True, Current process architecture: X64 OperatingSystem: Windows.
TpTrace Information: 0 : 20196, 1, 2022/07/12, 18:49:58.889, 689974848942, vstest.console.dll, AssemblyMetadataProvider.GetArchitecture: Determined architecture:AnyCPU info for assembly: D:\Documents\Codes\DikaoRpgSimulator - Copy\DikaoRpgSimulator.Tests\bin\Debug\net6.0\fine-code-coverage\build-output\DikaoRpgSimulator.Tests.dll
TpTrace Information: 0 : 20196, 1, 2022/07/12, 18:49:58.889, 689974849359, vstest.console.dll, Determined platform for source 'D:\Documents\Codes\DikaoRpgSimulator - Copy\DikaoRpgSimulator.Tests\bin\Debug\net6.0\fine-code-coverage\build-output\DikaoRpgSimulator.Tests.dll' is 'AnyCPU'
TpTrace Information: 0 : 20196, 1, 2022/07/12, 18:49:58.891, 689974862612, vstest.console.dll, Determined platform for all sources: X64
TpTrace Information: 0 : 20196, 1, 2022/07/12, 18:49:58.891, 689974863057, vstest.console.dll, Infered platform 'X64'.
TpTrace Information: 0 : 20196, 1, 2022/07/12, 18:49:58.891, 689974863331, vstest.console.dll, Platform update to 'X64' required.
TpTrace Information: 0 : 20196, 1, 2022/07/12, 18:49:58.893, 689974881639, vstest.console.dll, Compatible sources list: 
TpTrace Information: 0 : 20196, 1, 2022/07/12, 18:49:58.893, 689974882164, vstest.console.dll, D:\Documents\Codes\DikaoRpgSimulator - Copy\DikaoRpgSimulator.Tests\bin\Debug\net6.0\fine-code-coverage\build-output\DikaoRpgSimulator.Tests.dll
TpTrace Information: 0 : 20196, 1, 2022/07/12, 18:49:58.894, 689974899539, vstest.console.dll, InferRunSettingsHelper.IsTestSettingsEnabled: Unable to navigate to RunSettings/MSTest. Current node: RunSettings
TpTrace Information: 0 : 20196, 1, 2022/07/12, 18:49:58.895, 689974904051, vstest.console.dll, AssemblyResolver.OnResolve: Microsoft.VisualStudio.TestPlatform.Fakes: Resolving assembly.
TpTrace Information: 0 : 20196, 1, 2022/07/12, 18:49:58.895, 689974904504, vstest.console.dll, AssemblyResolver.OnResolve: Microsoft.VisualStudio.TestPlatform.Fakes: Searching in: 'C:\Program Files\dotnet\sdk\6.0.300\Extensions'.
TpTrace Information: 0 : 20196, 1, 2022/07/12, 18:49:58.895, 689974905172, vstest.console.dll, AssemblyResolver.OnResolve: Microsoft.VisualStudio.TestPlatform.Fakes: Assembly path does not exist: 'C:\Program Files\dotnet\sdk\6.0.300\Extensions\Microsoft.VisualStudio.TestPlatform.Fakes.dll', returning.
TpTrace Information: 0 : 20196, 1, 2022/07/12, 18:49:58.895, 689974905643, vstest.console.dll, AssemblyResolver.OnResolve: Microsoft.VisualStudio.TestPlatform.Fakes: Assembly path does not exist: 'C:\Program Files\dotnet\sdk\6.0.300\Extensions\Microsoft.VisualStudio.TestPlatform.Fakes.exe', returning.
TpTrace Information: 0 : 20196, 1, 2022/07/12, 18:49:58.895, 689974905905, vstest.console.dll, AssemblyResolver.OnResolve: Microsoft.VisualStudio.TestPlatform.Fakes: Searching in: 'C:\Program Files\dotnet\sdk\6.0.300'.
TpTrace Information: 0 : 20196, 1, 2022/07/12, 18:49:58.895, 689974906381, vstest.console.dll, AssemblyResolver.OnResolve: Microsoft.VisualStudio.TestPlatform.Fakes: Assembly path does not exist: 'C:\Program Files\dotnet\sdk\6.0.300\Microsoft.VisualStudio.TestPlatform.Fakes.dll', returning.
TpTrace Information: 0 : 20196, 1, 2022/07/12, 18:49:58.895, 689974906823, vstest.console.dll, AssemblyResolver.OnResolve: Microsoft.VisualStudio.TestPlatform.Fakes: Assembly path does not exist: 'C:\Program Files\dotnet\sdk\6.0.300\Microsoft.VisualStudio.TestPlatform.Fakes.exe', returning.
TpTrace Information: 0 : 20196, 1, 2022/07/12, 18:49:58.895, 689974907076, vstest.console.dll, AssemblyResolver.OnResolve: Microsoft.VisualStudio.TestPlatform.Fakes: Failed to load assembly.
TpTrace Information: 0 : 20196, 1, 2022/07/12, 18:49:58.895, 689974908905, vstest.console.dll, Failed to load assembly Microsoft.VisualStudio.TestPlatform.Fakes, Version=17.0.0.0, Culture=neutral. Reason:System.IO.FileNotFoundException: Could not load file or assembly 'Microsoft.VisualStudio.TestPlatform.Fakes, Version=17.0.0.0, Culture=neutral, PublicKeyToken=null'. The system cannot find the file specified.
File name: 'Microsoft.VisualStudio.TestPlatform.Fakes, Version=17.0.0.0, Culture=neutral, PublicKeyToken=null'
   at System.Reflection.RuntimeAssembly.InternalLoad(ObjectHandleOnStack assemblyName, ObjectHandleOnStack requestingAssembly, StackCrawlMarkHandle stackMark, Boolean throwOnFileNotFound, ObjectHandleOnStack assemblyLoadContext, ObjectHandleOnStack retAssembly)
   at System.Reflection.RuntimeAssembly.InternalLoad(AssemblyName assemblyName, RuntimeAssembly requestingAssembly, StackCrawlMark& stackMark, Boolean throwOnFileNotFound, AssemblyLoadContext assemblyLoadContext)
   at System.Reflection.Assembly.Load(AssemblyName assemblyRef)
   at Microsoft.VisualStudio.TestPlatform.Common.Utilities.FakesUtilities.LoadTestPlatformAssembly()
TpTrace Verbose: 0 : 20196, 1, 2022/07/12, 18:49:58.898, 689974933984, vstest.console.dll, TestPluginCache.DiscoverTestExtensions: finding test extensions in assemblies ends with: TestLogger.dll TPluginInfo: Microsoft.VisualStudio.TestPlatform.Common.ExtensionFramework.Utilities.TestLoggerPluginInformation TExtension: Microsoft.VisualStudio.TestPlatform.ObjectModel.Client.ITestLogger
TpTrace Verbose: 0 : 20196, 1, 2022/07/12, 18:49:58.898, 689974934554, vstest.console.dll, TestPluginCache.GetExtensionPaths: Filtered extension paths: 
TpTrace Verbose: 0 : 20196, 1, 2022/07/12, 18:49:58.898, 689974934838, vstest.console.dll, TestPluginCache.GetExtensionPaths: Added default extension paths: C:\Program Files\dotnet\sdk\6.0.300\Extensions\DumpMinitool.exe
C:\Program Files\dotnet\sdk\6.0.300\Extensions\DumpMinitool.x86.exe
C:\Program Files\dotnet\sdk\6.0.300\Extensions\Microsoft.Diagnostics.NETCore.Client.dll
C:\Program Files\dotnet\sdk\6.0.300\Extensions\Microsoft.TestPlatform.Extensions.BlameDataCollector.dll
C:\Program Files\dotnet\sdk\6.0.300\Extensions\Microsoft.TestPlatform.Extensions.EventLogCollector.dll
C:\Program Files\dotnet\sdk\6.0.300\Extensions\Microsoft.TestPlatform.TestHostRuntimeProvider.dll
C:\Program Files\dotnet\sdk\6.0.300\Extensions\Microsoft.VisualStudio.TestPlatform.Extensions.Html.TestLogger.dll
C:\Program Files\dotnet\sdk\6.0.300\Extensions\Microsoft.VisualStudio.TestPlatform.Extensions.Trx.TestLogger.dll
TpTrace Verbose: 0 : 20196, 1, 2022/07/12, 18:49:58.898, 689974935121, vstest.console.dll, TestPluginCache.GetExtensionPaths: Added unfilterableExtensionPaths: 
TpTrace Information: 0 : 20196, 1, 2022/07/12, 18:49:58.898, 689974935868, vstest.console.dll, AssemblyResolver.AddSearchDirectories: Adding more searchDirectories C:\Program Files\dotnet\sdk\6.0.300\Extensions,C:\Program Files\dotnet\sdk\6.0.300
TpTrace Verbose: 0 : 20196, 1, 2022/07/12, 18:49:58.898, 689974936207, vstest.console.dll, TestPluginCache.DiscoverTestExtensions: Discovering the extensions using extension path.
TpTrace Verbose: 0 : 20196, 1, 2022/07/12, 18:49:58.898, 689974936565, vstest.console.dll, TestPluginCache.GetExtensionPaths: Filtered extension paths: 
TpTrace Verbose: 0 : 20196, 1, 2022/07/12, 18:49:58.898, 689974936801, vstest.console.dll, TestPluginCache.GetExtensionPaths: Added default extension paths: C:\Program Files\dotnet\sdk\6.0.300\Extensions\DumpMinitool.exe
C:\Program Files\dotnet\sdk\6.0.300\Extensions\DumpMinitool.x86.exe
C:\Program Files\dotnet\sdk\6.0.300\Extensions\Microsoft.Diagnostics.NETCore.Client.dll
C:\Program Files\dotnet\sdk\6.0.300\Extensions\Microsoft.TestPlatform.Extensions.BlameDataCollector.dll
C:\Program Files\dotnet\sdk\6.0.300\Extensions\Microsoft.TestPlatform.Extensions.EventLogCollector.dll
C:\Program Files\dotnet\sdk\6.0.300\Extensions\Microsoft.TestPlatform.TestHostRuntimeProvider.dll
C:\Program Files\dotnet\sdk\6.0.300\Extensions\Microsoft.VisualStudio.TestPlatform.Extensions.Html.TestLogger.dll
C:\Program Files\dotnet\sdk\6.0.300\Extensions\Microsoft.VisualStudio.TestPlatform.Extensions.Trx.TestLogger.dll
TpTrace Verbose: 0 : 20196, 1, 2022/07/12, 18:49:58.898, 689974937100, vstest.console.dll, TestPluginCache.GetExtensionPaths: Added unfilterableExtensionPaths: 
TpTrace Verbose: 0 : 20196, 1, 2022/07/12, 18:49:58.898, 689974937358, vstest.console.dll, TestPluginCache.DiscoverTestExtensions: Discovering the extensions using allExtensionPaths: C:\Program Files\dotnet\sdk\6.0.300\Extensions\DumpMinitool.exe
C:\Program Files\dotnet\sdk\6.0.300\Extensions\DumpMinitool.x86.exe
C:\Program Files\dotnet\sdk\6.0.300\Extensions\Microsoft.Diagnostics.NETCore.Client.dll
C:\Program Files\dotnet\sdk\6.0.300\Extensions\Microsoft.TestPlatform.Extensions.BlameDataCollector.dll
C:\Program Files\dotnet\sdk\6.0.300\Extensions\Microsoft.TestPlatform.Extensions.EventLogCollector.dll
C:\Program Files\dotnet\sdk\6.0.300\Extensions\Microsoft.TestPlatform.TestHostRuntimeProvider.dll
C:\Program Files\dotnet\sdk\6.0.300\Extensions\Microsoft.VisualStudio.TestPlatform.Extensions.Html.TestLogger.dll
C:\Program Files\dotnet\sdk\6.0.300\Extensions\Microsoft.VisualStudio.TestPlatform.Extensions.Trx.TestLogger.dll
TpTrace Information: 0 : 20196, 1, 2022/07/12, 18:49:58.898, 689974937732, vstest.console.dll, AssemblyResolver.AddSearchDirectories: Adding more searchDirectories C:\Program Files\dotnet\sdk\6.0.300\Extensions,C:\Program Files\dotnet\sdk\6.0.300
TpTrace Information: 0 : 20196, 1, 2022/07/12, 18:49:58.898, 689974938005, vstest.console.dll, AssemblyResolver.AddSearchDirectories: Adding more searchDirectories C:\Program Files\dotnet\sdk\6.0.300\Extensions,C:\Program Files\dotnet\sdk\6.0.300
TpTrace Information: 0 : 20196, 1, 2022/07/12, 18:49:58.898, 689974938251, vstest.console.dll, AssemblyResolver.AddSearchDirectories: Adding more searchDirectories C:\Program Files\dotnet\sdk\6.0.300\Extensions,C:\Program Files\dotnet\sdk\6.0.300
TpTrace Information: 0 : 20196, 1, 2022/07/12, 18:49:58.898, 689974938536, vstest.console.dll, AssemblyResolver.AddSearchDirectories: Adding more searchDirectories C:\Program Files\dotnet\sdk\6.0.300\Extensions,C:\Program Files\dotnet\sdk\6.0.300
TpTrace Information: 0 : 20196, 1, 2022/07/12, 18:49:58.898, 689974938778, vstest.console.dll, AssemblyResolver.AddSearchDirectories: Adding more searchDirectories C:\Program Files\dotnet\sdk\6.0.300\Extensions,C:\Program Files\dotnet\sdk\6.0.300
TpTrace Information: 0 : 20196, 1, 2022/07/12, 18:49:58.898, 689974939019, vstest.console.dll, AssemblyResolver.AddSearchDirectories: Adding more searchDirectories C:\Program Files\dotnet\sdk\6.0.300\Extensions,C:\Program Files\dotnet\sdk\6.0.300
TpTrace Information: 0 : 20196, 1, 2022/07/12, 18:49:58.898, 689974939297, vstest.console.dll, AssemblyResolver.AddSearchDirectories: Adding more searchDirectories C:\Program Files\dotnet\sdk\6.0.300\Extensions,C:\Program Files\dotnet\sdk\6.0.300
TpTrace Information: 0 : 20196, 1, 2022/07/12, 18:49:58.898, 689974939538, vstest.console.dll, AssemblyResolver.AddSearchDirectories: Adding more searchDirectories C:\Program Files\dotnet\sdk\6.0.300\Extensions,C:\Program Files\dotnet\sdk\6.0.300
TpTrace Verbose: 0 : 20196, 1, 2022/07/12, 18:49:58.898, 689974940415, vstest.console.dll, MetadataReaderExtensionsHelper: Discovering extensions inside assembly 'DumpMinitool, Version=15.0.0.0, Culture=neutral, PublicKeyToken=b03f5f7f11d50a3a' file path 'C:\Program Files\dotnet\sdk\6.0.300\Extensions\DumpMinitool.exe'
TpTrace Verbose: 0 : 20196, 1, 2022/07/12, 18:49:58.899, 689974942485, vstest.console.dll, MetadataReaderExtensionsHelper: Discovering extensions inside assembly 'DumpMinitool.x86, Version=15.0.0.0, Culture=neutral, PublicKeyToken=b03f5f7f11d50a3a' file path 'C:\Program Files\dotnet\sdk\6.0.300\Extensions\DumpMinitool.x86.exe'
TpTrace Verbose: 0 : 20196, 1, 2022/07/12, 18:49:58.899, 689974944164, vstest.console.dll, MetadataReaderExtensionsHelper: Discovering extensions inside assembly 'Microsoft.Diagnostics.NETCore.Client, Version=0.2.5.801, Culture=neutral, PublicKeyToken=31bf3856ad364e35' file path 'C:\Program Files\dotnet\sdk\6.0.300\Extensions\Microsoft.Diagnostics.NETCore.Client.dll'
TpTrace Information: 0 : 20196, 1, 2022/07/12, 18:49:58.899, 689974946628, vstest.console.dll, AssemblyResolver.OnResolve: Microsoft.Bcl.AsyncInterfaces: Resolving assembly.
TpTrace Information: 0 : 20196, 1, 2022/07/12, 18:49:58.899, 689974947024, vstest.console.dll, AssemblyResolver.OnResolve: Microsoft.Bcl.AsyncInterfaces: Resolved from cache.
TpTrace Verbose: 0 : 20196, 1, 2022/07/12, 18:49:58.899, 689974947289, vstest.console.dll, CurrentDomainAssemblyResolve: Resolving assembly 'Microsoft.Bcl.AsyncInterfaces'.
TpTrace Information: 0 : 20196, 1, 2022/07/12, 18:49:58.899, 689974947651, vstest.console.dll, AssemblyResolver.OnResolve: Microsoft.Bcl.AsyncInterfaces: Resolving assembly.
TpTrace Information: 0 : 20196, 1, 2022/07/12, 18:49:58.899, 689974947888, vstest.console.dll, AssemblyResolver.OnResolve: Microsoft.Bcl.AsyncInterfaces: Resolved from cache.
TpTrace Verbose: 0 : 20196, 1, 2022/07/12, 18:49:58.899, 689974948127, vstest.console.dll, CurrentDomainAssemblyResolve: Resolving assembly 'Microsoft.Bcl.AsyncInterfaces'.
TpTrace Verbose: 0 : 20196, 1, 2022/07/12, 18:49:58.899, 689974948346, vstest.console.dll, CurrentDomainAssemblyResolve: Failed to resolve assembly 'Microsoft.Bcl.AsyncInterfaces'.
TpTrace Verbose: 0 : 20196, 1, 2022/07/12, 18:49:58.899, 689974949390, vstest.console.dll, CurrentDomainAssemblyResolve: Failed to resolve assembly 'Microsoft.Bcl.AsyncInterfaces'.
TpTrace Warning: 0 : 20196, 1, 2022/07/12, 18:49:58.900, 689974951879, vstest.console.dll, TestPluginDiscoverer: Failed to get types from assembly 'Microsoft.Diagnostics.NETCore.Client, Version=0.2.5.801, Culture=neutral, PublicKeyToken=31bf3856ad364e35'. Error: System.Reflection.ReflectionTypeLoadException: Unable to load one or more of the requested types.
Could not load file or assembly 'Microsoft.Bcl.AsyncInterfaces, Version=1.0.0.0, Culture=neutral, PublicKeyToken=cc7b13ffcd2ddd51'. The system cannot find the file specified.
   at System.Reflection.RuntimeModule.GetTypes(RuntimeModule module)
   at System.Reflection.Assembly.GetTypes()
   at Microsoft.VisualStudio.TestPlatform.Common.ExtensionFramework.TestPluginDiscoverer.GetTestExtensionsFromAssembly[TPluginInfo,TExtension](Assembly assembly, Dictionary`2 pluginInfos, String filePath)
System.IO.FileNotFoundException: Could not load file or assembly 'Microsoft.Bcl.AsyncInterfaces, Version=1.0.0.0, Culture=neutral, PublicKeyToken=cc7b13ffcd2ddd51'. The system cannot find the file specified.
File name: 'Microsoft.Bcl.AsyncInterfaces, Version=1.0.0.0, Culture=neutral, PublicKeyToken=cc7b13ffcd2ddd51'
 ---> System.IO.FileNotFoundException: Could not load file or assembly 'Microsoft.Bcl.AsyncInterfaces, Culture=neutral, PublicKeyToken=null'. The system cannot find the file specified.
File name: 'Microsoft.Bcl.AsyncInterfaces, Culture=neutral, PublicKeyToken=null'
   at System.Reflection.RuntimeAssembly.InternalLoad(ObjectHandleOnStack assemblyName, ObjectHandleOnStack requestingAssembly, StackCrawlMarkHandle stackMark, Boolean throwOnFileNotFound, ObjectHandleOnStack assemblyLoadContext, ObjectHandleOnStack retAssembly)
   at System.Reflection.RuntimeAssembly.InternalLoad(AssemblyName assemblyName, RuntimeAssembly requestingAssembly, StackCrawlMark& stackMark, Boolean throwOnFileNotFound, AssemblyLoadContext assemblyLoadContext)
   at System.Reflection.Assembly.Load(AssemblyName assemblyRef)
   at Microsoft.VisualStudio.TestPlatform.Common.ExtensionFramework.TestPluginCache.CurrentDomainAssemblyResolve(Object sender, AssemblyResolveEventArgs args)
   at Microsoft.VisualStudio.TestPlatform.PlatformAbstractions.PlatformAssemblyResolver.AssemblyResolverEvent(Object sender, Object eventArgs)
   at System.Runtime.Loader.AssemblyLoadContext.GetFirstResolvedAssemblyFromResolvingEvent(AssemblyName assemblyName)
   at System.Runtime.Loader.AssemblyLoadContext.ResolveUsingEvent(AssemblyName assemblyName)
   at System.Runtime.Loader.AssemblyLoadContext.ResolveUsingResolvingEvent(IntPtr gchManagedAssemblyLoadContext, AssemblyName assemblyName)
TpTrace Warning: 0 : 20196, 1, 2022/07/12, 18:49:58.900, 689974953252, vstest.console.dll, LoaderExceptions: System.IO.FileNotFoundException: Could not load file or assembly 'Microsoft.Bcl.AsyncInterfaces, Version=1.0.0.0, Culture=neutral, PublicKeyToken=cc7b13ffcd2ddd51'. The system cannot find the file specified.
File name: 'Microsoft.Bcl.AsyncInterfaces, Version=1.0.0.0, Culture=neutral, PublicKeyToken=cc7b13ffcd2ddd51'
 ---> System.IO.FileNotFoundException: Could not load file or assembly 'Microsoft.Bcl.AsyncInterfaces, Culture=neutral, PublicKeyToken=null'. The system cannot find the file specified.
File name: 'Microsoft.Bcl.AsyncInterfaces, Culture=neutral, PublicKeyToken=null'
   at System.Reflection.RuntimeAssembly.InternalLoad(ObjectHandleOnStack assemblyName, ObjectHandleOnStack requestingAssembly, StackCrawlMarkHandle stackMark, Boolean throwOnFileNotFound, ObjectHandleOnStack assemblyLoadContext, ObjectHandleOnStack retAssembly)
   at System.Reflection.RuntimeAssembly.InternalLoad(AssemblyName assemblyName, RuntimeAssembly requestingAssembly, StackCrawlMark& stackMark, Boolean throwOnFileNotFound, AssemblyLoadContext assemblyLoadContext)
   at System.Reflection.Assembly.Load(AssemblyName assemblyRef)
   at Microsoft.VisualStudio.TestPlatform.Common.ExtensionFramework.TestPluginCache.CurrentDomainAssemblyResolve(Object sender, AssemblyResolveEventArgs args)
   at Microsoft.VisualStudio.TestPlatform.PlatformAbstractions.PlatformAssemblyResolver.AssemblyResolverEvent(Object sender, Object eventArgs)
   at System.Runtime.Loader.AssemblyLoadContext.GetFirstResolvedAssemblyFromResolvingEvent(AssemblyName assemblyName)
   at System.Runtime.Loader.AssemblyLoadContext.ResolveUsingEvent(AssemblyName assemblyName)
   at System.Runtime.Loader.AssemblyLoadContext.ResolveUsingResolvingEvent(IntPtr gchManagedAssemblyLoadContext, AssemblyName assemblyName)
TpTrace Verbose: 0 : 20196, 1, 2022/07/12, 18:49:58.900, 689974953842, vstest.console.dll, MetadataReaderExtensionsHelper: Discovering extensions inside assembly 'Microsoft.TestPlatform.Extensions.BlameDataCollector, Version=15.0.0.0, Culture=neutral, PublicKeyToken=b03f5f7f11d50a3a' file path 'C:\Program Files\dotnet\sdk\6.0.300\Extensions\Microsoft.TestPlatform.Extensions.BlameDataCollector.dll'
TpTrace Information: 0 : 20196, 1, 2022/07/12, 18:49:58.900, 689974957931, vstest.console.dll, GetTestExtensionFromType: Register extension with identifier data 'logger://Microsoft/TestPlatform/Extensions/Blame/v1' and type 'Microsoft.TestPlatform.Extensions.BlameDataCollector.BlameLogger, Microsoft.TestPlatform.Extensions.BlameDataCollector, Version=15.0.0.0, Culture=neutral, PublicKeyToken=b03f5f7f11d50a3a' inside file 'C:\Program Files\dotnet\sdk\6.0.300\Extensions\Microsoft.TestPlatform.Extensions.BlameDataCollector.dll'
TpTrace Verbose: 0 : 20196, 1, 2022/07/12, 18:49:58.900, 689974958399, vstest.console.dll, MetadataReaderExtensionsHelper: Discovering extensions inside assembly 'Microsoft.TestPlatform.Extensions.EventLogCollector, Version=15.0.0.0, Culture=neutral, PublicKeyToken=b03f5f7f11d50a3a' file path 'C:\Program Files\dotnet\sdk\6.0.300\Extensions\Microsoft.TestPlatform.Extensions.EventLogCollector.dll'
TpTrace Verbose: 0 : 20196, 1, 2022/07/12, 18:49:58.900, 689974960398, vstest.console.dll, MetadataReaderExtensionsHelper: Discovering extensions inside assembly 'Microsoft.TestPlatform.TestHostRuntimeProvider, Version=15.0.0.0, Culture=neutral, PublicKeyToken=b03f5f7f11d50a3a' file path 'C:\Program Files\dotnet\sdk\6.0.300\Extensions\Microsoft.TestPlatform.TestHostRuntimeProvider.dll'
TpTrace Verbose: 0 : 20196, 1, 2022/07/12, 18:49:58.901, 689974962498, vstest.console.dll, MetadataReaderExtensionsHelper: Discovering extensions inside assembly 'Microsoft.VisualStudio.TestPlatform.Extensions.Html.TestLogger, Version=15.0.0.0, Culture=neutral, PublicKeyToken=b03f5f7f11d50a3a' file path 'C:\Program Files\dotnet\sdk\6.0.300\Extensions\Microsoft.VisualStudio.TestPlatform.Extensions.Html.TestLogger.dll'
TpTrace Information: 0 : 20196, 1, 2022/07/12, 18:49:58.901, 689974964194, vstest.console.dll, GetTestExtensionFromType: Register extension with identifier data 'logger://Microsoft/TestPlatform/HtmlLogger/v1' and type 'Microsoft.VisualStudio.TestPlatform.Extensions.HtmlLogger.HtmlLogger, Microsoft.VisualStudio.TestPlatform.Extensions.Html.TestLogger, Version=15.0.0.0, Culture=neutral, PublicKeyToken=b03f5f7f11d50a3a' inside file 'C:\Program Files\dotnet\sdk\6.0.300\Extensions\Microsoft.VisualStudio.TestPlatform.Extensions.Html.TestLogger.dll'
TpTrace Verbose: 0 : 20196, 1, 2022/07/12, 18:49:58.901, 689974964710, vstest.console.dll, MetadataReaderExtensionsHelper: Discovering extensions inside assembly 'Microsoft.VisualStudio.TestPlatform.Extensions.Trx.TestLogger, Version=15.0.0.0, Culture=neutral, PublicKeyToken=b03f5f7f11d50a3a' file path 'C:\Program Files\dotnet\sdk\6.0.300\Extensions\Microsoft.VisualStudio.TestPlatform.Extensions.Trx.TestLogger.dll'
TpTrace Information: 0 : 20196, 1, 2022/07/12, 18:49:58.901, 689974966796, vstest.console.dll, GetTestExtensionFromType: Register extension with identifier data 'logger://Microsoft/TestPlatform/TrxLogger/v1' and type 'Microsoft.VisualStudio.TestPlatform.Extensions.TrxLogger.TrxLogger, Microsoft.VisualStudio.TestPlatform.Extensions.Trx.TestLogger, Version=15.0.0.0, Culture=neutral, PublicKeyToken=b03f5f7f11d50a3a' inside file 'C:\Program Files\dotnet\sdk\6.0.300\Extensions\Microsoft.VisualStudio.TestPlatform.Extensions.Trx.TestLogger.dll'
TpTrace Verbose: 0 : 20196, 1, 2022/07/12, 18:49:58.901, 689974967280, vstest.console.dll, TestPluginCache: Discovered the extensions using extension path ''.
TpTrace Verbose: 0 : 20196, 1, 2022/07/12, 18:49:58.901, 689974967540, vstest.console.dll, TestPluginCache: Discoverers are ''.
TpTrace Verbose: 0 : 20196, 1, 2022/07/12, 18:49:58.901, 689974967758, vstest.console.dll, TestPluginCache: Executors are ''.
TpTrace Verbose: 0 : 20196, 1, 2022/07/12, 18:49:58.901, 689974967968, vstest.console.dll, TestPluginCache: Executors2 are ''.
TpTrace Verbose: 0 : 20196, 1, 2022/07/12, 18:49:58.901, 689974968175, vstest.console.dll, TestPluginCache: Setting providers are ''.
TpTrace Verbose: 0 : 20196, 1, 2022/07/12, 18:49:58.901, 689974968682, vstest.console.dll, TestPluginCache: Loggers are 'logger://Microsoft/TestPlatform/Extensions/Blame/v1,logger://Microsoft/TestPlatform/HtmlLogger/v1,logger://Microsoft/TestPlatform/TrxLogger/v1'.
TpTrace Verbose: 0 : 20196, 1, 2022/07/12, 18:49:58.901, 689974968990, vstest.console.dll, TestPluginCache: TestHosts are 'HostProvider://DefaultTestHost,HostProvider://DotnetTestHost'.
TpTrace Verbose: 0 : 20196, 1, 2022/07/12, 18:49:58.901, 689974969213, vstest.console.dll, TestPluginCache: DataCollectors are ''.
TpTrace Information: 0 : 20196, 1, 2022/07/12, 18:49:58.902, 689974973697, vstest.console.dll, TestPluginManager.CreateTestExtension: Attempting to load test extension: Microsoft.TestPlatform.Extensions.BlameDataCollector.BlameLogger
TpTrace Information: 0 : 20196, 1, 2022/07/12, 18:49:58.905, 689975006313, vstest.console.dll, TestPluginManager.CreateTestExtension: Attempting to load test extension: Microsoft.VisualStudio.TestPlatform.CrossPlatEngine.Hosting.DefaultTestHostManager
TpTrace Information: 0 : 20196, 1, 2022/07/12, 18:49:58.906, 689975011964, vstest.console.dll, TestPluginManager.CreateTestExtension: Attempting to load test extension: Microsoft.VisualStudio.TestPlatform.CrossPlatEngine.Hosting.DotnetTestHostManager
TpTrace Verbose: 0 : 20196, 1, 2022/07/12, 18:49:58.906, 689975016098, vstest.console.dll, TestEngine: Initializing Parallel Execution as MaxCpuCount is set to: 1
TpTrace Information: 0 : 20196, 1, 2022/07/12, 18:49:58.906, 689975020145, vstest.console.dll, InferRunSettingsHelper.IsTestSettingsEnabled: Unable to navigate to RunSettings/MSTest. Current node: RunSettings
TpTrace Verbose: 0 : 20196, 1, 2022/07/12, 18:49:58.907, 689975028481, vstest.console.dll, TestRequestSender is acting as server.
TpTrace Verbose: 0 : 20196, 1, 2022/07/12, 18:49:58.908, 689975036675, vstest.console.dll, TestEngine.GetExecutionManager: Chosen execution manager 'Microsoft.VisualStudio.TestPlatform.CrossPlatEngine.Client.Parallel.ParallelProxyExecutionManager, Microsoft.TestPlatform.CrossPlatEngine, Version=15.0.0.0, Culture=neutral, PublicKeyToken=b03f5f7f11d50a3a' ParallelLevel '1' Shared host 'False'
TpTrace Verbose: 0 : 20196, 5, 2022/07/12, 18:49:58.910, 689975058003, vstest.console.dll, DataCollectionRequestSender.InitializeCommunication : Initialize communication. 
TpTrace Information: 0 : 20196, 5, 2022/07/12, 18:49:58.915, 689975107367, vstest.console.dll, Listening on Endpoint : 127.0.0.1:58181
TpTrace Verbose: 0 : 20196, 5, 2022/07/12, 18:49:58.921, 689975162018, vstest.console.dll, DotnetDataCollectionLauncher: Full path of dotnet.exe is C:\Program Files\dotnet\dotnet.exe
TpTrace Verbose: 0 : 20196, 5, 2022/07/12, 18:49:58.921, 689975163128, vstest.console.dll, DotnetDataCollectionLauncher: Adding  --runtimeconfig "C:\Program Files\dotnet\sdk\6.0.300\datacollector.runtimeconfig.json" in args
TpTrace Verbose: 0 : 20196, 5, 2022/07/12, 18:49:58.921, 689975163747, vstest.console.dll, DotnetDataCollectionLauncher: Adding  --depsfile "C:\Program Files\dotnet\sdk\6.0.300\datacollector.deps.json" in args
TpTrace Information: 0 : 20196, 5, 2022/07/12, 18:49:58.931, 689975262149, vstest.console.dll, ProxyDataCollectionManager.Initialize: Launched datacollector processId: 11768 port: 58181
TpTrace Information: 0 : 20196, 5, 2022/07/12, 18:49:58.931, 689975263840, vstest.console.dll, ProxyDataCollectionManager.Initialize: waiting for connection with timeout: 90 seconds
TpTrace Verbose: 0 : 20196, 5, 2022/07/12, 18:49:58.931, 689975264776, vstest.console.dll, DataCollectionRequestSender.WaitForRequestHandlerConnection : Waiting for connection with timeout: 90000
TpTrace Information: 0 : 20196, 8, 2022/07/12, 18:49:59.045, 689976409014, vstest.console.dll, Using the buffer size of 16384 bytes
TpTrace Verbose: 0 : 20196, 5, 2022/07/12, 18:49:59.045, 689976409254, vstest.console.dll, SocketCommunicationManager.WaitForClientConnection took: 114 ms, with 90000 ms timeout, and finished with True.
TpTrace Information: 0 : 20196, 8, 2022/07/12, 18:49:59.045, 689976409747, vstest.console.dll, Accepted Client request and set the flag
TpTrace Verbose: 0 : 20196, 5, 2022/07/12, 18:49:59.045, 689976410934, vstest.console.dll, ProxyDataCollectionManager.InvokeDataCollectionServiceAction: Starting.
TpTrace Information: 0 : 20196, 5, 2022/07/12, 18:49:59.046, 689976412877, vstest.console.dll, ProxyDataCollectionManager.BeforeTestRunStart: Get environment variable and port for datacollector processId: 11768 port: 58181
TpTrace Verbose: 0 : 20196, 5, 2022/07/12, 18:49:59.046, 689976413907, vstest.console.dll, DataCollectionRequestSender.SendBeforeTestRunStartAndGetResult: Send BeforeTestRunStart message with settingsXml <RunSettings><RunConfiguration><ResultsDirectory>D:\Documents\Codes\DikaoRpgSimulator - Copy\DikaoRpgSimulator.Tests\bin\Debug\net6.0\fine-code-coverage\coverage-tool-output</ResultsDirectory><TargetPlatform>X64</TargetPlatform><TargetFrameworkVersion>.NETCoreApp,Version=v6.0</TargetFrameworkVersion><DesignMode>False</DesignMode><CollectSourceInformation>False</CollectSourceInformation><TestAdaptersPaths>C:\Program Files\dotnet\sdk\6.0.300\Extensions</TestAdaptersPaths></RunConfiguration><LoggerRunSettings><Loggers><Logger friendlyName="blame" enabled="True" /><Logger friendlyName="Console" uri="logger://microsoft/TestPlatform/ConsoleLogger/v1" assemblyQualifiedName="Microsoft.VisualStudio.TestPlatform.CommandLine.Internal.ConsoleLogger, vstest.console, Version=15.0.0.0, Culture=neutral, PublicKeyToken=b03f5f7f11d50a3a" codeBase="C:\Program Files\dotnet\sdk\6.0.300\vstest.console.dll" enabled="True" /></Loggers></LoggerRunSettings><DataCollectionRunSettings><DataCollectors><DataCollector friendlyName="blame" enabled="True"><Configuration><ResultsDirectory>D:\Documents\Codes\DikaoRpgSimulator - Copy\DikaoRpgSimulator.Tests\bin\Debug\net6.0\fine-code-coverage\coverage-tool-output</ResultsDirectory></Configuration></DataCollector></DataCollectors></DataCollectionRunSettings></RunSettings> and sources System.Linq.Enumerable+Concat2Iterator`1[System.String]: 
TpTrace Verbose: 0 : 20196, 5, 2022/07/12, 18:49:59.092, 689976880139, vstest.console.dll, DataCollectionRequestSender.SendBeforeTestRunStartAndGetResult: Received message: (DataCollection.SendMessage) -> {
  "FriendlyName": null,
  "Uri": null,
  "TestCaseId": "00000000-0000-0000-0000-000000000000",
  "Message": "Logging DataCollector Diagnostics in file: D:\\Documents\\Codes\\DikaoRpgSimulator - Copy\\DikaoRpgSimulator.Tests\\bin\\Debug\\net6.0\\fine-code-coverage\\coverage-tool-output\\diagnostics.datacollector.22-07-12_18-49-58_92081_5.log",
  "Level": 0
}
TpTrace Verbose: 0 : 20196, 5, 2022/07/12, 18:49:59.152, 689977473054, vstest.console.dll, DataCollectionRequestSender.SendBeforeTestRunStartAndGetResult: Received message: (DataCollection.BeforeTestRunStartResult) -> {
  "EnvironmentVariables": {},
  "DataCollectionEventsPort": 58183
}
TpTrace Information: 0 : 20196, 5, 2022/07/12, 18:49:59.155, 689977511078, vstest.console.dll, ProxyDataCollectionManager.BeforeTestRunStart: SendBeforeTestRunStartAndGetResult successful, env variable from datacollector:   and testhost port: 58183
TpTrace Information: 0 : 20196, 5, 2022/07/12, 18:49:59.156, 689977511552, vstest.console.dll, ProxyDataCollectionManager.InvokeDataCollectionServiceAction: Completed.
TpTrace Verbose: 0 : 20196, 1, 2022/07/12, 18:49:59.156, 689977512492, vstest.console.dll, TestRunRequest.ExecuteAsync: Creating test run request.
TpTrace Verbose: 0 : 20196, 1, 2022/07/12, 18:49:59.156, 689977514268, vstest.console.dll, TestRunRequest.ExecuteAsync: Starting.
TpTrace Information: 0 : 20196, 1, 2022/07/12, 18:49:59.156, 689977516542, vstest.console.dll, TestRunRequest.ExecuteAsync: Starting run with settings:TestRunCriteria:
   KeepAlive=False,FrequencyOfRunStatsChangeEvent=10,RunStatsChangeEventTimeout=00:00:01.5000000,TestCaseFilter=,TestExecutorLauncher=
   Settingsxml=<RunSettings>
  <RunConfiguration>
    <ResultsDirectory>D:\Documents\Codes\DikaoRpgSimulator - Copy\DikaoRpgSimulator.Tests\bin\Debug\net6.0\fine-code-coverage\coverage-tool-output</ResultsDirectory>
    <TargetPlatform>X64</TargetPlatform>
    <TargetFrameworkVersion>.NETCoreApp,Version=v6.0</TargetFrameworkVersion>
    <DesignMode>False</DesignMode>
    <CollectSourceInformation>False</CollectSourceInformation>
  </RunConfiguration>
  <LoggerRunSettings>
    <Loggers>
      <Logger friendlyName="blame" enabled="True" />
      <Logger friendlyName="Console" uri="logger://microsoft/TestPlatform/ConsoleLogger/v1" assemblyQualifiedName="Microsoft.VisualStudio.TestPlatform.CommandLine.Internal.ConsoleLogger, vstest.console, Version=15.0.0.0, Culture=neutral, PublicKeyToken=b03f5f7f11d50a3a" codeBase="C:\Program Files\dotnet\sdk\6.0.300\vstest.console.dll" enabled="True" />
    </Loggers>
  </LoggerRunSettings>
  <DataCollectionRunSettings>
    <DataCollectors>
      <DataCollector friendlyName="blame" enabled="True">
        <Configuration>
          <ResultsDirectory>D:\Documents\Codes\DikaoRpgSimulator - Copy\DikaoRpgSimulator.Tests\bin\Debug\net6.0\fine-code-coverage\coverage-tool-output</ResultsDirectory>
        </Configuration>
      </DataCollector>
    </DataCollectors>
  </DataCollectionRunSettings>
</RunSettings>

TpTrace Verbose: 0 : 20196, 1, 2022/07/12, 18:49:59.156, 689977516972, vstest.console.dll, TestRunRequest.ExecuteAsync: Wait for the first run request is over.
TpTrace Verbose: 0 : 20196, 1, 2022/07/12, 18:49:59.156, 689977518919, vstest.console.dll, MulticastDelegateUtilities.SafeInvoke: TestRun.TestRunStart: Invoking callbacks was skipped because there are no subscribers.
TpTrace Verbose: 0 : 20196, 1, 2022/07/12, 18:49:59.156, 689977520124, vstest.console.dll, ParallelProxyExecutionManager: Start execution. Total sources: 1
TpTrace Verbose: 0 : 20196, 4, 2022/07/12, 18:49:59.156, 689977520767, vstest.console.dll, MulticastDelegateUtilities.SafeInvoke: InternalTestLoggerEvents.SendTestRunStart: Invoking callback 1/1 for Microsoft.VisualStudio.TestPlatform.CommandLine.Internal.ConsoleLogger.TestRunStartHandler, took 0 ms.
TpTrace Information: 0 : 20196, 1, 2022/07/12, 18:49:59.157, 689977525958, vstest.console.dll, ProxyParallelExecutionManager: Triggering test run for next source: D:\Documents\Codes\DikaoRpgSimulator - Copy\DikaoRpgSimulator.Tests\bin\Debug\net6.0\fine-code-coverage\build-output\DikaoRpgSimulator.Tests.dll
TpTrace Verbose: 0 : 20196, 1, 2022/07/12, 18:49:59.157, 689977527363, vstest.console.dll, ProxyParallelExecutionManager: No sources available for execution.
TpTrace Verbose: 0 : 20196, 5, 2022/07/12, 18:49:59.157, 689977527461, vstest.console.dll, ParallelProxyExecutionManager: Execution started. Started clients: 1
TpTrace Information: 0 : 20196, 1, 2022/07/12, 18:49:59.157, 689977527758, vstest.console.dll, TestRunRequest.ExecuteAsync: Started.
TpTrace Verbose: 0 : 20196, 1, 2022/07/12, 18:49:59.157, 689977528899, vstest.console.dll, TestRunRequest.WaitForCompletion: Waiting with timeout -1.
TpTrace Verbose: 0 : 20196, 5, 2022/07/12, 18:49:59.157, 689977529902, vstest.console.dll, TestRunRequest:SendTestRunMessage: Starting.
TpTrace Verbose: 0 : 20196, 5, 2022/07/12, 18:49:59.157, 689977530743, vstest.console.dll, MulticastDelegateUtilities.SafeInvoke: TestRun.LogMessages: Invoking callback 1/1 for Microsoft.VisualStudio.TestPlatform.CommandLine.TestRunResultAggregator.TestRunMessageHandler, took 0 ms.
TpTrace Information: 0 : 20196, 5, 2022/07/12, 18:49:59.157, 689977531052, vstest.console.dll, TestRunRequest:SendTestRunMessage: Completed.
TpTrace Verbose: 0 : 20196, 4, 2022/07/12, 18:49:59.157, 689977531190, vstest.console.dll, MulticastDelegateUtilities.SafeInvoke: InternalTestLoggerEvents.SendTestRunMessage: Invoking callback 1/1 for Microsoft.VisualStudio.TestPlatform.CommandLine.Internal.ConsoleLogger.TestMessageHandler, took 0 ms.
TpTrace Verbose: 0 : 20196, 5, 2022/07/12, 18:49:59.158, 689977532577, vstest.console.dll, ProxyExecutionManager: Test host is always Lazy initialize.
TpTrace Verbose: 0 : 20196, 5, 2022/07/12, 18:49:59.158, 689977533944, vstest.console.dll, TestRequestSender.InitializeCommunication: initialize communication. 
TpTrace Information: 0 : 20196, 5, 2022/07/12, 18:49:59.158, 689977539025, vstest.console.dll, SocketServer.Start: Listening on endpoint : 127.0.0.1:58184
TpTrace Verbose: 0 : 20196, 5, 2022/07/12, 18:49:59.159, 689977544542, vstest.console.dll, DotnetTestHostmanager.GetTestHostProcessStartInfo: Platform environment 'X64' target architecture 'X64' framework '.NETCoreApp,Version=v6.0' OS 'Windows'
TpTrace Verbose: 0 : 20196, 5, 2022/07/12, 18:49:59.159, 689977545617, vstest.console.dll, DotnetTestHostmanager: Adding  --runtimeconfig "D:\Documents\Codes\DikaoRpgSimulator - Copy\DikaoRpgSimulator.Tests\bin\Debug\net6.0\fine-code-coverage\build-output\DikaoRpgSimulator.Tests.runtimeconfig.json" in args
TpTrace Verbose: 0 : 20196, 5, 2022/07/12, 18:49:59.159, 689977546035, vstest.console.dll, DotnetTestHostmanager: Adding  --depsfile "D:\Documents\Codes\DikaoRpgSimulator - Copy\DikaoRpgSimulator.Tests\bin\Debug\net6.0\fine-code-coverage\build-output\DikaoRpgSimulator.Tests.deps.json" in args
TpTrace Verbose: 0 : 20196, 5, 2022/07/12, 18:49:59.159, 689977547334, vstest.console.dll, DotnetTestHostmanager.IsWinOnArm: Current PROCESSOR_ARCHITECTURE from environment variable 'AMD64'
TpTrace Verbose: 0 : 20196, 5, 2022/07/12, 18:49:59.159, 689977548357, vstest.console.dll, DotnetTestHostmanager.IsWinOnArm: Is Windows on ARM 'False'
TpTrace Verbose: 0 : 20196, 5, 2022/07/12, 18:49:59.159, 689977548883, vstest.console.dll, DotnetTestHostManager: testhost.exe found at path: D:\Documents\Codes\DikaoRpgSimulator - Copy\DikaoRpgSimulator.Tests\bin\Debug\net6.0\fine-code-coverage\build-output\testhost.exe
TpTrace Verbose: 0 : 20196, 5, 2022/07/12, 18:49:59.159, 689977549183, vstest.console.dll, DotnetTestHostmanager: Full path of host exe is D:\Documents\Codes\DikaoRpgSimulator - Copy\DikaoRpgSimulator.Tests\bin\Debug\net6.0\fine-code-coverage\build-output\testhost.exe
TpTrace Verbose: 0 : 20196, 5, 2022/07/12, 18:49:59.159, 689977550386, vstest.console.dll, DotnetTestHostmanager.LaunchTestHostAsync: Found 'VSTEST_WINAPPHOST_DOTNET_ROOT' in env variables, value 'C:\Program Files\dotnet', forwarding to 'DOTNET_ROOT'
TpTrace Verbose: 0 : 20196, 7, 2022/07/12, 18:49:59.160, 689977555934, vstest.console.dll, DotnetTestHostManager: Starting process 'D:\Documents\Codes\DikaoRpgSimulator - Copy\DikaoRpgSimulator.Tests\bin\Debug\net6.0\fine-code-coverage\build-output\testhost.exe' with command line ' --runtimeconfig "D:\Documents\Codes\DikaoRpgSimulator - Copy\DikaoRpgSimulator.Tests\bin\Debug\net6.0\fine-code-coverage\build-output\DikaoRpgSimulator.Tests.runtimeconfig.json" --depsfile "D:\Documents\Codes\DikaoRpgSimulator - Copy\DikaoRpgSimulator.Tests\bin\Debug\net6.0\fine-code-coverage\build-output\DikaoRpgSimulator.Tests.deps.json" --port 58184 --endpoint 127.0.0.1:058184 --role client --parentprocessid 20196 --diag "D:\Documents\Codes\DikaoRpgSimulator - Copy\DikaoRpgSimulator.Tests\bin\Debug\net6.0\fine-code-coverage\coverage-tool-output\diagnostics.host.22-07-12_18-49-59_15909_5.log" --tracelevel 4 --datacollectionport 58183 --telemetryoptedin false'
TpTrace Verbose: 0 : 20196, 7, 2022/07/12, 18:49:59.171, 689977661557, vstest.console.dll, MulticastDelegateUtilities.SafeInvoke: HostProviderEvents.OnHostLaunched: Invoking callback 1/2 for Microsoft.VisualStudio.TestPlatform.CrossPlatEngine.Client.ProxyExecutionManagerWithDataCollection.TestHostLaunchedHandler, took 1 ms.
TpTrace Verbose: 0 : 20196, 7, 2022/07/12, 18:49:59.171, 689977662684, vstest.console.dll, Test Runtime launched
TpTrace Verbose: 0 : 20196, 7, 2022/07/12, 18:49:59.171, 689977663304, vstest.console.dll, MulticastDelegateUtilities.SafeInvoke: HostProviderEvents.OnHostLaunched: Invoking callback 2/2 for Microsoft.VisualStudio.TestPlatform.CrossPlatEngine.Client.ProxyOperationManager.TestHostManagerHostLaunched, took 0 ms.
TpTrace Verbose: 0 : 20196, 5, 2022/07/12, 18:49:59.171, 689977667709, vstest.console.dll, TestRequestSender.WaitForRequestHandlerConnection: waiting for connection with timeout: 90000.
TpTrace Verbose: 0 : 20196, 7, 2022/07/12, 18:49:59.305, 689979006387, vstest.console.dll, MulticastDelegateUtilities.SafeInvoke: SocketServer: ClientConnected: Invoking callback 1/1 for Microsoft.VisualStudio.TestPlatform.CommunicationUtilities.TestRequestSender.<InitializeCommunication>b__23_0, took 0 ms.
TpTrace Verbose: 0 : 20196, 5, 2022/07/12, 18:49:59.305, 689979006511, vstest.console.dll, TestRequestSender.WaitForRequestHandlerConnection: waiting took 133 ms, with timeout 90000 ms, and result 0, which is success.
TpTrace Verbose: 0 : 20196, 7, 2022/07/12, 18:49:59.305, 689979007561, vstest.console.dll, SocketServer.OnClientConnected: Client connected for endPoint: 127.0.0.1:58184, starting MessageLoopAsync:
TpTrace Verbose: 0 : 20196, 14, 2022/07/12, 18:49:59.305, 689979010680, vstest.console.dll, TcpClientExtensions.MessageLoopAsync: Polling on remoteEndPoint: 127.0.0.1:58185 localEndPoint: 127.0.0.1:58184
TpTrace Verbose: 0 : 20196, 5, 2022/07/12, 18:49:59.306, 689979014907, vstest.console.dll, TestRequestSender.CheckVersionWithTestHost: Sending check version message: {"MessageType":"ProtocolVersion","Payload":6}
TpTrace Verbose: 0 : 20196, 14, 2022/07/12, 18:49:59.429, 689980249861, vstest.console.dll, TcpClientExtensions.MessageLoopAsync: NotifyDataAvailable remoteEndPoint: 127.0.0.1:58185 localEndPoint: 127.0.0.1:58184
TpTrace Verbose: 0 : 20196, 14, 2022/07/12, 18:49:59.430, 689980251483, vstest.console.dll, TestRequestSender.CheckVersionWithTestHost: onMessageReceived received message: (ProtocolVersion) -> 5
TpTrace Verbose: 0 : 20196, 14, 2022/07/12, 18:49:59.430, 689980253932, vstest.console.dll, MulticastDelegateUtilities.SafeInvoke: LengthPrefixCommunicationChannel: MessageReceived: Invoking callback 1/1 for Microsoft.VisualStudio.TestPlatform.CommunicationUtilities.TestRequestSender+<>c__DisplayClass25_0.<CheckVersionWithTestHost>b__0, took 0 ms.
TpTrace Verbose: 0 : 20196, 14, 2022/07/12, 18:49:59.430, 689980254570, vstest.console.dll, TcpClientExtensions.MessageLoopAsync: Polling on remoteEndPoint: 127.0.0.1:58185 localEndPoint: 127.0.0.1:58184
TpTrace Verbose: 0 : 20196, 5, 2022/07/12, 18:49:59.430, 689980254805, vstest.console.dll, TestPluginCache.GetExtensionPaths: Filtered extension paths: 
TpTrace Verbose: 0 : 20196, 5, 2022/07/12, 18:49:59.430, 689980255283, vstest.console.dll, TestPluginCache.GetExtensionPaths: Added default extension paths: C:\Program Files\dotnet\sdk\6.0.300\Extensions\DumpMinitool.exe
C:\Program Files\dotnet\sdk\6.0.300\Extensions\DumpMinitool.x86.exe
C:\Program Files\dotnet\sdk\6.0.300\Extensions\Microsoft.Diagnostics.NETCore.Client.dll
C:\Program Files\dotnet\sdk\6.0.300\Extensions\Microsoft.TestPlatform.Extensions.BlameDataCollector.dll
C:\Program Files\dotnet\sdk\6.0.300\Extensions\Microsoft.TestPlatform.Extensions.EventLogCollector.dll
C:\Program Files\dotnet\sdk\6.0.300\Extensions\Microsoft.TestPlatform.TestHostRuntimeProvider.dll
C:\Program Files\dotnet\sdk\6.0.300\Extensions\Microsoft.VisualStudio.TestPlatform.Extensions.Html.TestLogger.dll
C:\Program Files\dotnet\sdk\6.0.300\Extensions\Microsoft.VisualStudio.TestPlatform.Extensions.Trx.TestLogger.dll
TpTrace Verbose: 0 : 20196, 5, 2022/07/12, 18:49:59.430, 689980255640, vstest.console.dll, TestPluginCache.GetExtensionPaths: Added unfilterableExtensionPaths: 
TpTrace Verbose: 0 : 20196, 5, 2022/07/12, 18:49:59.433, 689980281781, vstest.console.dll, TestRequestSender.InitializeExecution: Sending initialize execution with message: {"Version":5,"MessageType":"TestExecution.Initialize","Payload":["D:\\Documents\\Codes\\DikaoRpgSimulator - Copy\\DikaoRpgSimulator.Tests\\bin\\Debug\\net6.0\\fine-code-coverage\\build-output\\xunit.runner.visualstudio.dotnetcore.testadapter.dll"]}
TpTrace Warning: 0 : 20196, 5, 2022/07/12, 18:49:59.433, 689980284742, vstest.console.dll, InferRunSettingsHelper.MakeRunsettingsCompatible: Removing the following settings: TargetPlatform from RunSettings file. To use those settings please move to latest version of Microsoft.NET.Test.Sdk
TpTrace Verbose: 0 : 20196, 14, 2022/07/12, 18:49:59.437, 689980329263, vstest.console.dll, TcpClientExtensions.MessageLoopAsync: NotifyDataAvailable remoteEndPoint: 127.0.0.1:58185 localEndPoint: 127.0.0.1:58184
TpTrace Verbose: 0 : 20196, 14, 2022/07/12, 18:49:59.437, 689980330134, vstest.console.dll, TestRequestSender.OnExecutionMessageReceived: Received message: {"Version":5,"MessageType":"TestSession.Message","Payload":{"MessageLevel":0,"Message":"Logging TestHost Diagnostics in file: D:\\Documents\\Codes\\DikaoRpgSimulator - Copy\\DikaoRpgSimulator.Tests\\bin\\Debug\\net6.0\\fine-code-coverage\\coverage-tool-output\\diagnostics.host.22-07-12_18-49-59_15909_5.log"}}
TpTrace Verbose: 0 : 20196, 14, 2022/07/12, 18:49:59.439, 689980342366, vstest.console.dll, TestRunRequest:SendTestRunMessage: Starting.
TpTrace Verbose: 0 : 20196, 14, 2022/07/12, 18:49:59.439, 689980343026, vstest.console.dll, MulticastDelegateUtilities.SafeInvoke: TestRun.LogMessages: Invoking callback 1/1 for Microsoft.VisualStudio.TestPlatform.CommandLine.TestRunResultAggregator.TestRunMessageHandler, took 0 ms.
TpTrace Information: 0 : 20196, 14, 2022/07/12, 18:49:59.439, 689980343309, vstest.console.dll, TestRunRequest:SendTestRunMessage: Completed.
TpTrace Verbose: 0 : 20196, 4, 2022/07/12, 18:49:59.439, 689980343538, vstest.console.dll, MulticastDelegateUtilities.SafeInvoke: InternalTestLoggerEvents.SendTestRunMessage: Invoking callback 1/1 for Microsoft.VisualStudio.TestPlatform.CommandLine.Internal.ConsoleLogger.TestMessageHandler, took 0 ms.
TpTrace Verbose: 0 : 20196, 5, 2022/07/12, 18:49:59.439, 689980344057, vstest.console.dll, TestRequestSender.StartTestRun: Sending test run with message: {"Version":5,"MessageType":"TestExecution.StartWithSources","Payload":{"AdapterSourceMap":{"_none_":["D:\\Documents\\Codes\\DikaoRpgSimulator - Copy\\DikaoRpgSimulator.Tests\\bin\\Debug\\net6.0\\fine-code-coverage\\build-output\\DikaoRpgSimulator.Tests.dll"]},"RunSettings":"<RunSettings>\r\n  <RunConfiguration>\r\n    <ResultsDirectory>D:\\Documents\\Codes\\DikaoRpgSimulator - Copy\\DikaoRpgSimulator.Tests\\bin\\Debug\\net6.0\\fine-code-coverage\\coverage-tool-output</ResultsDirectory>\r\n    <TargetFrameworkVersion>.NETCoreApp,Version=v6.0</TargetFrameworkVersion>\r\n    <DesignMode>False</DesignMode>\r\n    <CollectSourceInformation>False</CollectSourceInformation>\r\n  </RunConfiguration>\r\n  <LoggerRunSettings>\r\n    <Loggers>\r\n      <Logger friendlyName=\"blame\" enabled=\"True\" />\r\n      <Logger friendlyName=\"Console\" uri=\"logger://microsoft/TestPlatform/ConsoleLogger/v1\" assemblyQualifiedName=\"Microsoft.VisualStudio.TestPlatform.CommandLine.Internal.ConsoleLogger, vstest.console, Version=15.0.0.0, Culture=neutral, PublicKeyToken=b03f5f7f11d50a3a\" codeBase=\"C:\\Program Files\\dotnet\\sdk\\6.0.300\\vstest.console.dll\" enabled=\"True\" />\r\n    </Loggers>\r\n  </LoggerRunSettings>\r\n  <DataCollectionRunSettings>\r\n    <DataCollectors>\r\n      <DataCollector friendlyName=\"blame\" enabled=\"True\">\r\n        <Configuration>\r\n          <ResultsDirectory>D:\\Documents\\Codes\\DikaoRpgSimulator - Copy\\DikaoRpgSimulator.Tests\\bin\\Debug\\net6.0\\fine-code-coverage\\coverage-tool-output</ResultsDirectory>\r\n        </Configuration>\r\n      </DataCollector>\r\n    </DataCollectors>\r\n  </DataCollectionRunSettings>\r\n</RunSettings>","TestExecutionContext":{"FrequencyOfRunStatsChangeEvent":10,"RunStatsChangeEventTimeout":"00:00:01.5000000","InIsolation":false,"KeepAlive":false,"AreTestCaseLevelEventsRequired":false,"IsDebug":false,"TestCaseFilter":null,"FilterOptions":null},"Package":null}}
TpTrace Verbose: 0 : 20196, 14, 2022/07/12, 18:49:59.439, 689980343633, vstest.console.dll, MulticastDelegateUtilities.SafeInvoke: LengthPrefixCommunicationChannel: MessageReceived: Invoking callback 1/1 for Microsoft.VisualStudio.TestPlatform.CommunicationUtilities.TestRequestSender+<>c__DisplayClass30_0.<StartTestRun>b__1, took 1 ms.
TpTrace Verbose: 0 : 20196, 14, 2022/07/12, 18:49:59.439, 689980345274, vstest.console.dll, TcpClientExtensions.MessageLoopAsync: Polling on remoteEndPoint: 127.0.0.1:58185 localEndPoint: 127.0.0.1:58184
TpTrace Verbose: 0 : 20196, 14, 2022/07/12, 18:49:59.565, 689981611252, vstest.console.dll, TcpClientExtensions.MessageLoopAsync: NotifyDataAvailable remoteEndPoint: 127.0.0.1:58185 localEndPoint: 127.0.0.1:58184
TpTrace Verbose: 0 : 20196, 14, 2022/07/12, 18:49:59.566, 689981612136, vstest.console.dll, TestRequestSender.OnExecutionMessageReceived: Received message: {"Version":5,"MessageType":"TestSession.Message","Payload":{"MessageLevel":0,"Message":"[xUnit.net 00:00:00.00] xUnit.net VSTest Adapter v2.4.3+1b45f5407b (64-bit .NET 6.0.5)"}}
TpTrace Verbose: 0 : 20196, 14, 2022/07/12, 18:49:59.566, 689981613656, vstest.console.dll, TestRunRequest:SendTestRunMessage: Starting.
TpTrace Verbose: 0 : 20196, 14, 2022/07/12, 18:49:59.566, 689981614097, vstest.console.dll, MulticastDelegateUtilities.SafeInvoke: TestRun.LogMessages: Invoking callback 1/1 for Microsoft.VisualStudio.TestPlatform.CommandLine.TestRunResultAggregator.TestRunMessageHandler, took 0 ms.
TpTrace Verbose: 0 : 20196, 4, 2022/07/12, 18:49:59.566, 689981614266, vstest.console.dll, MulticastDelegateUtilities.SafeInvoke: InternalTestLoggerEvents.SendTestRunMessage: Invoking callback 1/1 for Microsoft.VisualStudio.TestPlatform.CommandLine.Internal.ConsoleLogger.TestMessageHandler, took 0 ms.
TpTrace Information: 0 : 20196, 14, 2022/07/12, 18:49:59.566, 689981614341, vstest.console.dll, TestRunRequest:SendTestRunMessage: Completed.
TpTrace Verbose: 0 : 20196, 14, 2022/07/12, 18:49:59.566, 689981615320, vstest.console.dll, MulticastDelegateUtilities.SafeInvoke: LengthPrefixCommunicationChannel: MessageReceived: Invoking callback 1/1 for Microsoft.VisualStudio.TestPlatform.CommunicationUtilities.TestRequestSender+<>c__DisplayClass30_0.<StartTestRun>b__1, took 0 ms.
TpTrace Verbose: 0 : 20196, 14, 2022/07/12, 18:49:59.566, 689981615655, vstest.console.dll, TcpClientExtensions.MessageLoopAsync: Polling on remoteEndPoint: 127.0.0.1:58185 localEndPoint: 127.0.0.1:58184
TpTrace Verbose: 0 : 20196, 14, 2022/07/12, 18:50:00.221, 689988164470, vstest.console.dll, TcpClientExtensions.MessageLoopAsync: NotifyDataAvailable remoteEndPoint: 127.0.0.1:58185 localEndPoint: 127.0.0.1:58184
TpTrace Verbose: 0 : 20196, 14, 2022/07/12, 18:50:00.221, 689988165512, vstest.console.dll, TestRequestSender.OnExecutionMessageReceived: Received message: {"Version":5,"MessageType":"TestSession.Message","Payload":{"MessageLevel":0,"Message":"[xUnit.net 00:00:00.66]   Discovering: DikaoRpgSimulator.Tests"}}
TpTrace Verbose: 0 : 20196, 14, 2022/07/12, 18:50:00.221, 689988167072, vstest.console.dll, TestRunRequest:SendTestRunMessage: Starting.
TpTrace Verbose: 0 : 20196, 14, 2022/07/12, 18:50:00.221, 689988167736, vstest.console.dll, MulticastDelegateUtilities.SafeInvoke: TestRun.LogMessages: Invoking callback 1/1 for Microsoft.VisualStudio.TestPlatform.CommandLine.TestRunResultAggregator.TestRunMessageHandler, took 0 ms.
TpTrace Information: 0 : 20196, 14, 2022/07/12, 18:50:00.221, 689988168020, vstest.console.dll, TestRunRequest:SendTestRunMessage: Completed.
TpTrace Verbose: 0 : 20196, 4, 2022/07/12, 18:50:00.221, 689988168111, vstest.console.dll, MulticastDelegateUtilities.SafeInvoke: InternalTestLoggerEvents.SendTestRunMessage: Invoking callback 1/1 for Microsoft.VisualStudio.TestPlatform.CommandLine.Internal.ConsoleLogger.TestMessageHandler, took 0 ms.
TpTrace Verbose: 0 : 20196, 14, 2022/07/12, 18:50:00.221, 689988169368, vstest.console.dll, MulticastDelegateUtilities.SafeInvoke: LengthPrefixCommunicationChannel: MessageReceived: Invoking callback 1/1 for Microsoft.VisualStudio.TestPlatform.CommunicationUtilities.TestRequestSender+<>c__DisplayClass30_0.<StartTestRun>b__1, took 0 ms.
TpTrace Verbose: 0 : 20196, 14, 2022/07/12, 18:50:00.221, 689988169840, vstest.console.dll, TcpClientExtensions.MessageLoopAsync: Polling on remoteEndPoint: 127.0.0.1:58185 localEndPoint: 127.0.0.1:58184
TpTrace Verbose: 0 : 20196, 14, 2022/07/12, 18:50:00.263, 689988591237, vstest.console.dll, TcpClientExtensions.MessageLoopAsync: NotifyDataAvailable remoteEndPoint: 127.0.0.1:58185 localEndPoint: 127.0.0.1:58184
TpTrace Verbose: 0 : 20196, 14, 2022/07/12, 18:50:00.264, 689988592184, vstest.console.dll, TestRequestSender.OnExecutionMessageReceived: Received message: {"Version":5,"MessageType":"TestSession.Message","Payload":{"MessageLevel":0,"Message":"[xUnit.net 00:00:00.70]   Discovered:  DikaoRpgSimulator.Tests"}}
TpTrace Verbose: 0 : 20196, 14, 2022/07/12, 18:50:00.264, 689988594049, vstest.console.dll, TestRunRequest:SendTestRunMessage: Starting.
TpTrace Verbose: 0 : 20196, 14, 2022/07/12, 18:50:00.264, 689988594554, vstest.console.dll, MulticastDelegateUtilities.SafeInvoke: TestRun.LogMessages: Invoking callback 1/1 for Microsoft.VisualStudio.TestPlatform.CommandLine.TestRunResultAggregator.TestRunMessageHandler, took 0 ms.
TpTrace Verbose: 0 : 20196, 4, 2022/07/12, 18:50:00.264, 689988594729, vstest.console.dll, MulticastDelegateUtilities.SafeInvoke: InternalTestLoggerEvents.SendTestRunMessage: Invoking callback 1/1 for Microsoft.VisualStudio.TestPlatform.CommandLine.Internal.ConsoleLogger.TestMessageHandler, took 0 ms.
TpTrace Information: 0 : 20196, 14, 2022/07/12, 18:50:00.264, 689988594826, vstest.console.dll, TestRunRequest:SendTestRunMessage: Completed.
TpTrace Verbose: 0 : 20196, 14, 2022/07/12, 18:50:00.264, 689988596377, vstest.console.dll, MulticastDelegateUtilities.SafeInvoke: LengthPrefixCommunicationChannel: MessageReceived: Invoking callback 1/1 for Microsoft.VisualStudio.TestPlatform.CommunicationUtilities.TestRequestSender+<>c__DisplayClass30_0.<StartTestRun>b__1, took 0 ms.
TpTrace Verbose: 0 : 20196, 14, 2022/07/12, 18:50:00.264, 689988596780, vstest.console.dll, TcpClientExtensions.MessageLoopAsync: Polling on remoteEndPoint: 127.0.0.1:58185 localEndPoint: 127.0.0.1:58184
TpTrace Verbose: 0 : 20196, 14, 2022/07/12, 18:50:00.265, 689988608887, vstest.console.dll, TcpClientExtensions.MessageLoopAsync: NotifyDataAvailable remoteEndPoint: 127.0.0.1:58185 localEndPoint: 127.0.0.1:58184
TpTrace Verbose: 0 : 20196, 14, 2022/07/12, 18:50:00.265, 689988609503, vstest.console.dll, TestRequestSender.OnExecutionMessageReceived: Received message: {"Version":5,"MessageType":"TestSession.Message","Payload":{"MessageLevel":0,"Message":"[xUnit.net 00:00:00.70]   Starting:    DikaoRpgSimulator.Tests"}}
TpTrace Verbose: 0 : 20196, 14, 2022/07/12, 18:50:00.265, 689988610606, vstest.console.dll, TestRunRequest:SendTestRunMessage: Starting.
TpTrace Verbose: 0 : 20196, 14, 2022/07/12, 18:50:00.265, 689988611029, vstest.console.dll, MulticastDelegateUtilities.SafeInvoke: TestRun.LogMessages: Invoking callback 1/1 for Microsoft.VisualStudio.TestPlatform.CommandLine.TestRunResultAggregator.TestRunMessageHandler, took 0 ms.
TpTrace Verbose: 0 : 20196, 4, 2022/07/12, 18:50:00.265, 689988611138, vstest.console.dll, MulticastDelegateUtilities.SafeInvoke: InternalTestLoggerEvents.SendTestRunMessage: Invoking callback 1/1 for Microsoft.VisualStudio.TestPlatform.CommandLine.Internal.ConsoleLogger.TestMessageHandler, took 0 ms.
TpTrace Information: 0 : 20196, 14, 2022/07/12, 18:50:00.266, 689988611803, vstest.console.dll, TestRunRequest:SendTestRunMessage: Completed.
TpTrace Verbose: 0 : 20196, 14, 2022/07/12, 18:50:00.266, 689988612291, vstest.console.dll, MulticastDelegateUtilities.SafeInvoke: LengthPrefixCommunicationChannel: MessageReceived: Invoking callback 1/1 for Microsoft.VisualStudio.TestPlatform.CommunicationUtilities.TestRequestSender+<>c__DisplayClass30_0.<StartTestRun>b__1, took 0 ms.
TpTrace Verbose: 0 : 20196, 14, 2022/07/12, 18:50:00.266, 689988612568, vstest.console.dll, TcpClientExtensions.MessageLoopAsync: Polling on remoteEndPoint: 127.0.0.1:58185 localEndPoint: 127.0.0.1:58184
TpTrace Verbose: 0 : 20196, 14, 2022/07/12, 18:50:00.441, 689990366217, vstest.console.dll, TcpClientExtensions.MessageLoopAsync: NotifyDataAvailable remoteEndPoint: 127.0.0.1:58185 localEndPoint: 127.0.0.1:58184
TpTrace Verbose: 0 : 20196, 14, 2022/07/12, 18:50:00.441, 689990368978, vstest.console.dll, TestRequestSender.OnExecutionMessageReceived: Received message: {"Version":5,"MessageType":"TestExecution.StatsChange","Payload":{"NewTestResults":[{"TestCase":{"Id":"dfb5e2e1-7845-d531-2765-e21b9bf04627","FullyQualifiedName":"DikaoRpgSimulator.Tests.SimulatorTests.SimulatorBattle_QdtRound1_Return1Battle","DisplayName":"DikaoRpgSimulator.Tests.SimulatorTests.SimulatorBattle_QdtRound1_Return1Battle","ExecutorUri":"executor://xunit/VsTestRunner2/netcoreapp","Source":"D:\\Documents\\Codes\\DikaoRpgSimulator - Copy\\DikaoRpgSimulator.Tests\\bin\\Debug\\net6.0\\fine-code-coverage\\build-output\\DikaoRpgSimulator.Tests.dll","CodeFilePath":null,"LineNumber":0,"Properties":[]},"Attachments":[],"Outcome":1,"ErrorMessage":null,"ErrorStackTrace":null,"DisplayName":"DikaoRpgSimulator.Tests.SimulatorTests.SimulatorBattle_QdtRound1_Return1Battle","Messages":[],"ComputerName":"HOME_PC","Duration":"00:00:00.0040258","StartTime":"2022-07-12T21:50:00.3536204+00:00","EndTime":"2022-07-12T21:50:00.3536686+00:00","Properties":[]},{"TestCase":{"Id":"12a695bb-7d14-4951-d72b-a89983ccf8b0","FullyQualifiedName":"DikaoRpgSimulator.Tests.MonsterFactoryTests.MonsterFactory_MonsterTypeGoblinOrOrc_ReturnGoblinOrOrc","DisplayName":"DikaoRpgSimulator.Tests.MonsterFactoryTests.MonsterFactory_MonsterTypeGoblinOrOrc_ReturnGoblinOrOrc","ExecutorUri":"executor://xunit/VsTestRunner2/netcoreapp","Source":"D:\\Documents\\Codes\\DikaoRpgSimulator - Copy\\DikaoRpgSimulator.Tests\\bin\\Debug\\net6.0\\fine-code-coverage\\build-output\\DikaoRpgSimulator.Tests.dll","CodeFilePath":null,"LineNumber":0,"Properties":[]},"Attachments":[],"Outcome":1,"ErrorMessage":null,"ErrorStackTrace":null,"DisplayName":"DikaoRpgSimulator.Tests.MonsterFactoryTests.MonsterFactory_MonsterTypeGoblinOrOrc_ReturnGoblinOrOrc","Messages":[],"ComputerName":"HOME_PC","Duration":"00:00:00.0061542","StartTime":"2022-07-12T21:50:00.3705501+00:00","EndTime":"2022-07-12T21:50:00.3705501+00:00","Properties":[]},{"TestCase":{"Id":"167aa433-c76a-f2af-6276-3b9e4654ffc6","FullyQualifiedName":"DikaoRpgSimulator.Tests.MonsterFactoryTests.MonsterFactory_1MonsterCreation_Return1","DisplayName":"DikaoRpgSimulator.Tests.MonsterFactoryTests.MonsterFactory_1MonsterCreation_Return1","ExecutorUri":"executor://xunit/VsTestRunner2/netcoreapp","Source":"D:\\Documents\\Codes\\DikaoRpgSimulator - Copy\\DikaoRpgSimulator.Tests\\bin\\Debug\\net6.0\\fine-code-coverage\\build-output\\DikaoRpgSimulator.Tests.dll","CodeFilePath":null,"LineNumber":0,"Properties":[]},"Attachments":[],"Outcome":1,"ErrorMessage":null,"ErrorStackTrace":null,"DisplayName":"DikaoRpgSimulator.Tests.MonsterFactoryTests.MonsterFactory_1MonsterCreation_Return1","Messages":[],"ComputerName":"HOME_PC","Duration":"00:00:00.0045779","StartTime":"2022-07-12T21:50:00.3742886+00:00","EndTime":"2022-07-12T21:50:00.3742888+00:00","Properties":[]},{"TestCase":{"Id":"c4fe3af6-e17b-af62-1963-59812b47ca20","FullyQualifiedName":"DikaoRpgSimulator.Tests.HeroFactoryTests.HeroFactory_CreateNameHero1_ReturnNameHero1","DisplayName":"DikaoRpgSimulator.Tests.HeroFactoryTests.HeroFactory_CreateNameHero1_ReturnNameHero1","ExecutorUri":"executor://xunit/VsTestRunner2/netcoreapp","Source":"D:\\Documents\\Codes\\DikaoRpgSimulator - Copy\\DikaoRpgSimulator.Tests\\bin\\Debug\\net6.0\\fine-code-coverage\\build-output\\DikaoRpgSimulator.Tests.dll","CodeFilePath":null,"LineNumber":0,"Properties":[]},"Attachments":[],"Outcome":1,"ErrorMessage":null,"ErrorStackTrace":null,"DisplayName":"DikaoRpgSimulator.Tests.HeroFactoryTests.HeroFactory_CreateNameHero1_ReturnNameHero1","Messages":[],"ComputerName":"HOME_PC","Duration":"00:00:00.0930538","StartTime":"2022-07-12T21:50:00.414848+00:00","EndTime":"2022-07-12T21:50:00.4148483+00:00","Properties":[]},{"TestCase":{"Id":"156d9b1e-edc4-e39a-a95f-e122f3af22bd","FullyQualifiedName":"DikaoRpgSimulator.Tests.HeroEntityTests.HeroEntityAttack_HeroCompareAttackAndMainHability_Return0","DisplayName":"DikaoRpgSimulator.Tests.HeroEntityTests.HeroEntityAttack_HeroCompareAttackAndMainHability_Return0(_class: \"Mage\", name: \"hero\", attackAndHabilityCompare: 0)","ExecutorUri":"executor://xunit/VsTestRunner2/netcoreapp","Source":"D:\\Documents\\Codes\\DikaoRpgSimulator - Copy\\DikaoRpgSimulator.Tests\\bin\\Debug\\net6.0\\fine-code-coverage\\build-output\\DikaoRpgSimulator.Tests.dll","CodeFilePath":null,"LineNumber":0,"Properties":[]},"Attachments":[],"Outcome":1,"ErrorMessage":null,"ErrorStackTrace":null,"DisplayName":"DikaoRpgSimulator.Tests.HeroEntityTests.HeroEntityAttack_HeroCompareAttackAndMainHability_Return0(_class: \"Mage\", name: \"hero\", attackAndHabilityCompare: 0)","Messages":[],"ComputerName":"HOME_PC","Duration":"00:00:00.0932354","StartTime":"2022-07-12T21:50:00.4168698+00:00","EndTime":"2022-07-12T21:50:00.4168699+00:00","Properties":[]},{"TestCase":{"Id":"040feb27-c1c1-e17e-39c5-f79ab8fd3832","FullyQualifiedName":"DikaoRpgSimulator.Tests.HeroFactoryTests.HeroFactory_CreateHero_ReturnHero","DisplayName":"DikaoRpgSimulator.Tests.HeroFactoryTests.HeroFactory_CreateHero_ReturnHero","ExecutorUri":"executor://xunit/VsTestRunner2/netcoreapp","Source":"D:\\Documents\\Codes\\DikaoRpgSimulator - Copy\\DikaoRpgSimulator.Tests\\bin\\Debug\\net6.0\\fine-code-coverage\\build-output\\DikaoRpgSimulator.Tests.dll","CodeFilePath":null,"LineNumber":0,"Properties":[]},"Attachments":[],"Outcome":1,"ErrorMessage":null,"ErrorStackTrace":null,"DisplayName":"DikaoRpgSimulator.Tests.HeroFactoryTests.HeroFactory_CreateHero_ReturnHero","Messages":[],"ComputerName":"HOME_PC","Duration":"00:00:00.0001766","StartTime":"2022-07-12T21:50:00.4184875+00:00","EndTime":"2022-07-12T21:50:00.4184876+00:00","Properties":[]},{"TestCase":{"Id":"4d466047-8858-85f7-51c2-614a99692a9d","FullyQualifiedName":"DikaoRpgSimulator.Tests.HeroEntityTests.HeroEntityAttack_HeroCompareAttackAndMainHability_Return0","DisplayName":"DikaoRpgSimulator.Tests.HeroEntityTests.HeroEntityAttack_HeroCompareAttackAndMainHability_Return0(_class: \"Warrior\", name: \"hero\", attackAndHabilityCompare: 0)","ExecutorUri":"executor://xunit/VsTestRunner2/netcoreapp","Source":"D:\\Documents\\Codes\\DikaoRpgSimulator - Copy\\DikaoRpgSimulator.Tests\\bin\\Debug\\net6.0\\fine-code-coverage\\build-output\\DikaoRpgSimulator.Tests.dll","CodeFilePath":null,"LineNumber":0,"Properties":[]},"Attachments":[],"Outcome":1,"ErrorMessage":null,"ErrorStackTrace":null,"DisplayName":"DikaoRpgSimulator.Tests.HeroEntityTests.HeroEntityAttack_HeroCompareAttackAndMainHability_Return0(_class: \"Warrior\", name: \"hero\", attackAndHabilityCompare: 0)","Messages":[],"ComputerName":"HOME_PC","Duration":"00:00:00.0000277","StartTime":"2022-07-12T21:50:00.4192239+00:00","EndTime":"2022-07-12T21:50:00.4192239+00:00","Properties":[]}],"TestRunStatistics":{"ExecutedTests":7,"Stats":{"Passed":7}},"ActiveTests":[{"Id":"874208f4-deae-f766-e71e-fc2261e249f5","FullyQualifiedName":"DikaoRpgSimulator.Tests.BattleCreatorTests.EngineMonsterCreation_HeroLevel2_Return2","DisplayName":"DikaoRpgSimulator.Tests.BattleCreatorTests.EngineMonsterCreation_HeroLevel2_Return2","ExecutorUri":"executor://xunit/VsTestRunner2/netcoreapp","Source":"D:\\Documents\\Codes\\DikaoRpgSimulator - Copy\\DikaoRpgSimulator.Tests\\bin\\Debug\\net6.0\\fine-code-coverage\\build-output\\DikaoRpgSimulator.Tests.dll","CodeFilePath":null,"LineNumber":0,"Properties":[]},{"Id":"b3f52f56-0bd5-be03-4a94-7a62e23bd7a9","FullyQualifiedName":"DikaoRpgSimulator.Tests.HeroEntityTests.HeroEntityAttack_HeroCompareAttackAndMainHability_Return0","DisplayName":"DikaoRpgSimulator.Tests.HeroEntityTests.HeroEntityAttack_HeroCompareAttackAndMainHability_Return0(_class: \"Archer\", name: \"hero\", attackAndHabilityCompare: 0)","ExecutorUri":"executor://xunit/VsTestRunner2/netcoreapp","Source":"D:\\Documents\\Codes\\DikaoRpgSimulator - Copy\\DikaoRpgSimulator.Tests\\bin\\Debug\\net6.0\\fine-code-coverage\\build-output\\DikaoRpgSimulator.Tests.dll","CodeFilePath":null,"LineNumber":0,"Properties":[]},{"Id":"0c01fb19-32b3-d312-ec30-43449a5a2996","FullyQualifiedName":"DikaoRpgSimulator.Tests.HeroFactoryTests.HeroFactory_CreateMage_ReturnMage","DisplayName":"DikaoRpgSimulator.Tests.HeroFactoryTests.HeroFactory_CreateMage_ReturnMage","ExecutorUri":"executor://xunit/VsTestRunner2/netcoreapp","Source":"D:\\Documents\\Codes\\DikaoRpgSimulator - Copy\\DikaoRpgSimulator.Tests\\bin\\Debug\\net6.0\\fine-code-coverage\\build-output\\DikaoRpgSimulator.Tests.dll","CodeFilePath":null,"LineNumber":0,"Properties":[]}]}}
TpTrace Verbose: 0 : 20196, 14, 2022/07/12, 18:50:00.464, 689990596914, vstest.console.dll, TestRunRequest:SendTestRunStatsChange: Starting.
TpTrace Verbose: 0 : 20196, 14, 2022/07/12, 18:50:00.464, 689990597912, vstest.console.dll, InProgress is DikaoRpgSimulator.Tests.BattleCreatorTests.EngineMonsterCreation_HeroLevel2_Return2
TpTrace Verbose: 0 : 20196, 14, 2022/07/12, 18:50:00.464, 689990598211, vstest.console.dll, InProgress is DikaoRpgSimulator.Tests.HeroEntityTests.HeroEntityAttack_HeroCompareAttackAndMainHability_Return0(_class: "Archer", name: "hero", attackAndHabilityCompare: 0)
TpTrace Verbose: 0 : 20196, 14, 2022/07/12, 18:50:00.464, 689990598456, vstest.console.dll, InProgress is DikaoRpgSimulator.Tests.HeroFactoryTests.HeroFactory_CreateMage_ReturnMage
TpTrace Verbose: 0 : 20196, 14, 2022/07/12, 18:50:00.464, 689990599844, vstest.console.dll, MulticastDelegateUtilities.SafeInvoke: TestRun.RunStatsChanged: Invoking callbacks was skipped because there are no subscribers.
TpTrace Information: 0 : 20196, 14, 2022/07/12, 18:50:00.464, 689990600146, vstest.console.dll, TestRunRequest:SendTestRunStatsChange: Completed.
TpTrace Verbose: 0 : 20196, 14, 2022/07/12, 18:50:00.464, 689990600408, vstest.console.dll, MulticastDelegateUtilities.SafeInvoke: LengthPrefixCommunicationChannel: MessageReceived: Invoking callback 1/1 for Microsoft.VisualStudio.TestPlatform.CommunicationUtilities.TestRequestSender+<>c__DisplayClass30_0.<StartTestRun>b__1, took 23 ms.
TpTrace Verbose: 0 : 20196, 14, 2022/07/12, 18:50:00.464, 689990600676, vstest.console.dll, TcpClientExtensions.MessageLoopAsync: Polling on remoteEndPoint: 127.0.0.1:58185 localEndPoint: 127.0.0.1:58184
TpTrace Verbose: 0 : 20196, 14, 2022/07/12, 18:50:00.464, 689990601016, vstest.console.dll, TcpClientExtensions.MessageLoopAsync: NotifyDataAvailable remoteEndPoint: 127.0.0.1:58185 localEndPoint: 127.0.0.1:58184
TpTrace Verbose: 0 : 20196, 14, 2022/07/12, 18:50:00.465, 689990601513, vstest.console.dll, TestRequestSender.OnExecutionMessageReceived: Received message: {"Version":5,"MessageType":"TestSession.Message","Payload":{"MessageLevel":0,"Message":"[xUnit.net 00:00:00.89]   Finished:    DikaoRpgSimulator.Tests"}}
TpTrace Verbose: 0 : 20196, 14, 2022/07/12, 18:50:00.465, 689990602372, vstest.console.dll, TestRunRequest:SendTestRunMessage: Starting.
TpTrace Verbose: 0 : 20196, 14, 2022/07/12, 18:50:00.465, 689990602768, vstest.console.dll, MulticastDelegateUtilities.SafeInvoke: TestRun.LogMessages: Invoking callback 1/1 for Microsoft.VisualStudio.TestPlatform.CommandLine.TestRunResultAggregator.TestRunMessageHandler, took 0 ms.
TpTrace Information: 0 : 20196, 14, 2022/07/12, 18:50:00.465, 689990603017, vstest.console.dll, TestRunRequest:SendTestRunMessage: Completed.
TpTrace Verbose: 0 : 20196, 14, 2022/07/12, 18:50:00.465, 689990603248, vstest.console.dll, MulticastDelegateUtilities.SafeInvoke: LengthPrefixCommunicationChannel: MessageReceived: Invoking callback 1/1 for Microsoft.VisualStudio.TestPlatform.CommunicationUtilities.TestRequestSender+<>c__DisplayClass30_0.<StartTestRun>b__1, took 0 ms.
TpTrace Verbose: 0 : 20196, 14, 2022/07/12, 18:50:00.465, 689990603481, vstest.console.dll, TcpClientExtensions.MessageLoopAsync: Polling on remoteEndPoint: 127.0.0.1:58185 localEndPoint: 127.0.0.1:58184
TpTrace Verbose: 0 : 20196, 14, 2022/07/12, 18:50:00.466, 689990617020, vstest.console.dll, TcpClientExtensions.MessageLoopAsync: NotifyDataAvailable remoteEndPoint: 127.0.0.1:58185 localEndPoint: 127.0.0.1:58184
TpTrace Verbose: 0 : 20196, 14, 2022/07/12, 18:50:00.466, 689990618361, vstest.console.dll, TestRequestSender.OnExecutionMessageReceived: Received message: {"Version":5,"MessageType":"TestExecution.Completed","Payload":{"TestRunCompleteArgs":{"TestRunStatistics":{"ExecutedTests":16,"Stats":{"Passed":16}},"IsCanceled":false,"IsAborted":false,"Error":null,"AttachmentSets":[],"ElapsedTimeInRunningTests":"00:00:00.9045286","Metrics":{}},"LastRunTests":{"NewTestResults":[{"TestCase":{"Id":"b3f52f56-0bd5-be03-4a94-7a62e23bd7a9","FullyQualifiedName":"DikaoRpgSimulator.Tests.HeroEntityTests.HeroEntityAttack_HeroCompareAttackAndMainHability_Return0","DisplayName":"DikaoRpgSimulator.Tests.HeroEntityTests.HeroEntityAttack_HeroCompareAttackAndMainHability_Return0(_class: \"Archer\", name: \"hero\", attackAndHabilityCompare: 0)","ExecutorUri":"executor://xunit/VsTestRunner2/netcoreapp","Source":"D:\\Documents\\Codes\\DikaoRpgSimulator - Copy\\DikaoRpgSimulator.Tests\\bin\\Debug\\net6.0\\fine-code-coverage\\build-output\\DikaoRpgSimulator.Tests.dll","CodeFilePath":null,"LineNumber":0,"Properties":[]},"Attachments":[],"Outcome":1,"ErrorMessage":null,"ErrorStackTrace":null,"DisplayName":"DikaoRpgSimulator.Tests.HeroEntityTests.HeroEntityAttack_HeroCompareAttackAndMainHability_Return0(_class: \"Archer\", name: \"hero\", attackAndHabilityCompare: 0)","Messages":[],"ComputerName":"HOME_PC","Duration":"00:00:00.0000158","StartTime":"2022-07-12T21:50:00.4422793+00:00","EndTime":"2022-07-12T21:50:00.4422794+00:00","Properties":[]},{"TestCase":{"Id":"0c01fb19-32b3-d312-ec30-43449a5a2996","FullyQualifiedName":"DikaoRpgSimulator.Tests.HeroFactoryTests.HeroFactory_CreateMage_ReturnMage","DisplayName":"DikaoRpgSimulator.Tests.HeroFactoryTests.HeroFactory_CreateMage_ReturnMage","ExecutorUri":"executor://xunit/VsTestRunner2/netcoreapp","Source":"D:\\Documents\\Codes\\DikaoRpgSimulator - Copy\\DikaoRpgSimulator.Tests\\bin\\Debug\\net6.0\\fine-code-coverage\\build-output\\DikaoRpgSimulator.Tests.dll","CodeFilePath":null,"LineNumber":0,"Properties":[]},"Attachments":[],"Outcome":1,"ErrorMessage":null,"ErrorStackTrace":null,"DisplayName":"DikaoRpgSimulator.Tests.HeroFactoryTests.HeroFactory_CreateMage_ReturnMage","Messages":[],"ComputerName":"HOME_PC","Duration":"00:00:00.0001800","StartTime":"2022-07-12T21:50:00.4439677+00:00","EndTime":"2022-07-12T21:50:00.4439677+00:00","Properties":[]},{"TestCase":{"Id":"f29df784-3d5c-fa26-47e3-d0a52e8eecd6","FullyQualifiedName":"DikaoRpgSimulator.Tests.HeroEntityTests.HeroEntity_HeroXpCheckGive50_ReturnXp50","DisplayName":"DikaoRpgSimulator.Tests.HeroEntityTests.HeroEntity_HeroXpCheckGive50_ReturnXp50","ExecutorUri":"executor://xunit/VsTestRunner2/netcoreapp","Source":"D:\\Documents\\Codes\\DikaoRpgSimulator - Copy\\DikaoRpgSimulator.Tests\\bin\\Debug\\net6.0\\fine-code-coverage\\build-output\\DikaoRpgSimulator.Tests.dll","CodeFilePath":null,"LineNumber":0,"Properties":[]},"Attachments":[],"Outcome":1,"ErrorMessage":null,"ErrorStackTrace":null,"DisplayName":"DikaoRpgSimulator.Tests.HeroEntityTests.HeroEntity_HeroXpCheckGive50_ReturnXp50","Messages":[],"ComputerName":"HOME_PC","Duration":"00:00:00.0001484","StartTime":"2022-07-12T21:50:00.444778+00:00","EndTime":"2022-07-12T21:50:00.444778+00:00","Properties":[]},{"TestCase":{"Id":"d3e933b9-afc2-a5ce-2ca6-df417d379ed2","FullyQualifiedName":"DikaoRpgSimulator.Tests.HeroEntityTests.HeroEntity_HeroLevelUp_ReturnLevel2","DisplayName":"DikaoRpgSimulator.Tests.HeroEntityTests.HeroEntity_HeroLevelUp_ReturnLevel2","ExecutorUri":"executor://xunit/VsTestRunner2/netcoreapp","Source":"D:\\Documents\\Codes\\DikaoRpgSimulator - Copy\\DikaoRpgSimulator.Tests\\bin\\Debug\\net6.0\\fine-code-coverage\\build-output\\DikaoRpgSimulator.Tests.dll","CodeFilePath":null,"LineNumber":0,"Properties":[]},"Attachments":[],"Outcome":1,"ErrorMessage":null,"ErrorStackTrace":null,"DisplayName":"DikaoRpgSimulator.Tests.HeroEntityTests.HeroEntity_HeroLevelUp_ReturnLevel2","Messages":[],"ComputerName":"HOME_PC","Duration":"00:00:00.0003279","StartTime":"2022-07-12T21:50:00.4462377+00:00","EndTime":"2022-07-12T21:50:00.4462378+00:00","Properties":[]},{"TestCase":{"Id":"c6c9d5f8-e681-6962-a37a-909781480e07","FullyQualifiedName":"DikaoRpgSimulator.Tests.HeroEntityTests.HeroEntity_HeroMaxLifeCheck_MaxLifeMoreThanLife","DisplayName":"DikaoRpgSimulator.Tests.HeroEntityTests.HeroEntity_HeroMaxLifeCheck_MaxLifeMoreThanLife","ExecutorUri":"executor://xunit/VsTestRunner2/netcoreapp","Source":"D:\\Documents\\Codes\\DikaoRpgSimulator - Copy\\DikaoRpgSimulator.Tests\\bin\\Debug\\net6.0\\fine-code-coverage\\build-output\\DikaoRpgSimulator.Tests.dll","CodeFilePath":null,"LineNumber":0,"Properties":[]},"Attachments":[],"Outcome":1,"ErrorMessage":null,"ErrorStackTrace":null,"DisplayName":"DikaoRpgSimulator.Tests.HeroEntityTests.HeroEntity_HeroMaxLifeCheck_MaxLifeMoreThanLife","Messages":[],"ComputerName":"HOME_PC","Duration":"00:00:00.0004556","StartTime":"2022-07-12T21:50:00.4476858+00:00","EndTime":"2022-07-12T21:50:00.4476859+00:00","Properties":[]},{"TestCase":{"Id":"134db862-467e-cc71-2a10-f74497a7b5e1","FullyQualifiedName":"DikaoRpgSimulator.Tests.HeroEntityTests.HeroEntity_HeroXpIncrementLevel2_Return150","DisplayName":"DikaoRpgSimulator.Tests.HeroEntityTests.HeroEntity_HeroXpIncrementLevel2_Return150","ExecutorUri":"executor://xunit/VsTestRunner2/netcoreapp","Source":"D:\\Documents\\Codes\\DikaoRpgSimulator - Copy\\DikaoRpgSimulator.Tests\\bin\\Debug\\net6.0\\fine-code-coverage\\build-output\\DikaoRpgSimulator.Tests.dll","CodeFilePath":null,"LineNumber":0,"Properties":[]},"Attachments":[],"Outcome":1,"ErrorMessage":null,"ErrorStackTrace":null,"DisplayName":"DikaoRpgSimulator.Tests.HeroEntityTests.HeroEntity_HeroXpIncrementLevel2_Return150","Messages":[],"ComputerName":"HOME_PC","Duration":"00:00:00.0001092","StartTime":"2022-07-12T21:50:00.4493777+00:00","EndTime":"2022-07-12T21:50:00.4493778+00:00","Properties":[]},{"TestCase":{"Id":"0a39cc26-1436-cef6-7774-8f1f8512da4d","FullyQualifiedName":"DikaoRpgSimulator.Tests.HeroEntityTests.HeroEntity_CheckLossLife_ReturnLife0","DisplayName":"DikaoRpgSimulator.Tests.HeroEntityTests.HeroEntity_CheckLossLife_ReturnLife0","ExecutorUri":"executor://xunit/VsTestRunner2/netcoreapp","Source":"D:\\Documents\\Codes\\DikaoRpgSimulator - Copy\\DikaoRpgSimulator.Tests\\bin\\Debug\\net6.0\\fine-code-coverage\\build-output\\DikaoRpgSimulator.Tests.dll","CodeFilePath":null,"LineNumber":0,"Properties":[]},"Attachments":[],"Outcome":1,"ErrorMessage":null,"ErrorStackTrace":null,"DisplayName":"DikaoRpgSimulator.Tests.HeroEntityTests.HeroEntity_CheckLossLife_ReturnLife0","Messages":[],"ComputerName":"HOME_PC","Duration":"00:00:00.0001375","StartTime":"2022-07-12T21:50:00.4508071+00:00","EndTime":"2022-07-12T21:50:00.4508071+00:00","Properties":[]},{"TestCase":{"Id":"7e0f7e27-fd9e-78dd-6f69-aff6da766c58","FullyQualifiedName":"DikaoRpgSimulator.Tests.HeroEntityTests.HeroEntity_CheckDamage500_ReturnIsNotAlive","DisplayName":"DikaoRpgSimulator.Tests.HeroEntityTests.HeroEntity_CheckDamage500_ReturnIsNotAlive","ExecutorUri":"executor://xunit/VsTestRunner2/netcoreapp","Source":"D:\\Documents\\Codes\\DikaoRpgSimulator - Copy\\DikaoRpgSimulator.Tests\\bin\\Debug\\net6.0\\fine-code-coverage\\build-output\\DikaoRpgSimulator.Tests.dll","CodeFilePath":null,"LineNumber":0,"Properties":[]},"Attachments":[],"Outcome":1,"ErrorMessage":null,"ErrorStackTrace":null,"DisplayName":"DikaoRpgSimulator.Tests.HeroEntityTests.HeroEntity_CheckDamage500_ReturnIsNotAlive","Messages":[],"ComputerName":"HOME_PC","Duration":"00:00:00.0003561","StartTime":"2022-07-12T21:50:00.4522859+00:00","EndTime":"2022-07-12T21:50:00.452286+00:00","Properties":[]},{"TestCase":{"Id":"874208f4-deae-f766-e71e-fc2261e249f5","FullyQualifiedName":"DikaoRpgSimulator.Tests.BattleCreatorTests.EngineMonsterCreation_HeroLevel2_Return2","DisplayName":"DikaoRpgSimulator.Tests.BattleCreatorTests.EngineMonsterCreation_HeroLevel2_Return2","ExecutorUri":"executor://xunit/VsTestRunner2/netcoreapp","Source":"D:\\Documents\\Codes\\DikaoRpgSimulator - Copy\\DikaoRpgSimulator.Tests\\bin\\Debug\\net6.0\\fine-code-coverage\\build-output\\DikaoRpgSimulator.Tests.dll","CodeFilePath":null,"LineNumber":0,"Properties":[]},"Attachments":[],"Outcome":1,"ErrorMessage":null,"ErrorStackTrace":null,"DisplayName":"DikaoRpgSimulator.Tests.BattleCreatorTests.EngineMonsterCreation_HeroLevel2_Return2","Messages":[],"ComputerName":"HOME_PC","Duration":"00:00:00.0955511","StartTime":"2022-07-12T21:50:00.4530669+00:00","EndTime":"2022-07-12T21:50:00.453067+00:00","Properties":[]}],"TestRunStatistics":{"ExecutedTests":16,"Stats":{"Passed":16}},"ActiveTests":[]},"RunAttachments":[],"ExecutorUris":["executor://xunit/VsTestRunner2/netcoreapp"]}}
TpTrace Verbose: 0 : 20196, 14, 2022/07/12, 18:50:00.466, 689990621223, vstest.console.dll, TestRequestSender.EndSession: Sending end session.
TpTrace Verbose: 0 : 20196, 14, 2022/07/12, 18:50:00.467, 689990622198, vstest.console.dll, ProxyOperationManager.Close: waiting for test host to exit for 100 ms
TpTrace Verbose: 0 : 20196, 4, 2022/07/12, 18:50:00.470, 689990653626, vstest.console.dll, MulticastDelegateUtilities.SafeInvoke: InternalTestLoggerEvents.SendTestResult: Invoking callback 1/1 for Microsoft.VisualStudio.TestPlatform.CommandLine.Internal.ConsoleLogger.TestResultHandler, took 5 ms.
TpTrace Verbose: 0 : 20196, 4, 2022/07/12, 18:50:00.470, 689990654361, vstest.console.dll, MulticastDelegateUtilities.SafeInvoke: InternalTestLoggerEvents.SendTestResult: Invoking callback 1/1 for Microsoft.VisualStudio.TestPlatform.CommandLine.Internal.ConsoleLogger.TestResultHandler, took 0 ms.
TpTrace Verbose: 0 : 20196, 4, 2022/07/12, 18:50:00.470, 689990654777, vstest.console.dll, MulticastDelegateUtilities.SafeInvoke: InternalTestLoggerEvents.SendTestResult: Invoking callback 1/1 for Microsoft.VisualStudio.TestPlatform.CommandLine.Internal.ConsoleLogger.TestResultHandler, took 0 ms.
TpTrace Verbose: 0 : 20196, 4, 2022/07/12, 18:50:00.470, 689990655131, vstest.console.dll, MulticastDelegateUtilities.SafeInvoke: InternalTestLoggerEvents.SendTestResult: Invoking callback 1/1 for Microsoft.VisualStudio.TestPlatform.CommandLine.Internal.ConsoleLogger.TestResultHandler, took 0 ms.
TpTrace Verbose: 0 : 20196, 4, 2022/07/12, 18:50:00.470, 689990655478, vstest.console.dll, MulticastDelegateUtilities.SafeInvoke: InternalTestLoggerEvents.SendTestResult: Invoking callback 1/1 for Microsoft.VisualStudio.TestPlatform.CommandLine.Internal.ConsoleLogger.TestResultHandler, took 0 ms.
TpTrace Verbose: 0 : 20196, 4, 2022/07/12, 18:50:00.470, 689990655849, vstest.console.dll, MulticastDelegateUtilities.SafeInvoke: InternalTestLoggerEvents.SendTestResult: Invoking callback 1/1 for Microsoft.VisualStudio.TestPlatform.CommandLine.Internal.ConsoleLogger.TestResultHandler, took 0 ms.
TpTrace Verbose: 0 : 20196, 4, 2022/07/12, 18:50:00.470, 689990656198, vstest.console.dll, MulticastDelegateUtilities.SafeInvoke: InternalTestLoggerEvents.SendTestResult: Invoking callback 1/1 for Microsoft.VisualStudio.TestPlatform.CommandLine.Internal.ConsoleLogger.TestResultHandler, took 0 ms.
TpTrace Verbose: 0 : 20196, 4, 2022/07/12, 18:50:00.470, 689990656546, vstest.console.dll, MulticastDelegateUtilities.SafeInvoke: InternalTestLoggerEvents.SendTestRunMessage: Invoking callback 1/1 for Microsoft.VisualStudio.TestPlatform.CommandLine.Internal.ConsoleLogger.TestMessageHandler, took 0 ms.
TpTrace Warning: 0 : 20196, 13, 2022/07/12, 18:50:00.479, 689990750054, vstest.console.dll, TestHostManagerCallbacks.ErrorReceivedCallback Test host standard error line: 
TpTrace Verbose: 0 : 20196, 13, 2022/07/12, 18:50:00.493, 689990889259, vstest.console.dll, TestHostProvider.ExitCallBack: Host exited starting callback.
TpTrace Information: 0 : 20196, 13, 2022/07/12, 18:50:00.494, 689990895862, vstest.console.dll, TestHostManagerCallbacks.ExitCallBack: Testhost processId: 16592 exited with exitcode: 0 error: ''
TpTrace Verbose: 0 : 20196, 13, 2022/07/12, 18:50:00.494, 689990896328, vstest.console.dll, DotnetTestHostManager.OnHostExited: invoking OnHostExited callback
TpTrace Verbose: 0 : 20196, 13, 2022/07/12, 18:50:00.494, 689990896787, vstest.console.dll, CrossPlatEngine.TestHostManagerHostExited: calling on client process exit callback.
TpTrace Information: 0 : 20196, 13, 2022/07/12, 18:50:00.494, 689990897207, vstest.console.dll, TestRequestSender.OnClientProcessExit: Test host process exited. Standard error: 
TpTrace Information: 0 : 20196, 13, 2022/07/12, 18:50:00.494, 689990897530, vstest.console.dll, SocketServer.Stop: Stop server endPoint: 127.0.0.1:58184
TpTrace Information: 0 : 20196, 13, 2022/07/12, 18:50:00.494, 689990898277, vstest.console.dll, SocketServer.Stop: Cancellation requested. Stopping message loop.
TpTrace Information: 0 : 20196, 14, 2022/07/12, 18:50:00.494, 689990898300, vstest.console.dll, SocketServer.Stop: Stop server endPoint: 127.0.0.1:58184
TpTrace Verbose: 0 : 20196, 13, 2022/07/12, 18:50:00.494, 689990900250, vstest.console.dll, MulticastDelegateUtilities.SafeInvoke: HostProviderEvents.OnHostExited: Invoking callback 1/1 for Microsoft.VisualStudio.TestPlatform.CrossPlatEngine.Client.ProxyOperationManager.TestHostManagerHostExited, took 0 ms.
TpTrace Information: 0 : 20196, 14, 2022/07/12, 18:50:00.494, 689990900576, vstest.console.dll, SocketServer.Stop: Cancellation requested. Stopping message loop.
TpTrace Information: 0 : 20196, 14, 2022/07/12, 18:50:00.495, 689990901290, vstest.console.dll, Closing the connection
TpTrace Verbose: 0 : 20196, 14, 2022/07/12, 18:50:00.495, 689990904938, vstest.console.dll, ProxyDataCollectionManager.InvokeDataCollectionServiceAction: Starting.
TpTrace Information: 0 : 20196, 14, 2022/07/12, 18:50:00.495, 689990905333, vstest.console.dll, ProxyDataCollectionManager.AfterTestRunEnd: Get attachment set and invoked data collectors processId: 11768 port: 58181
TpTrace Verbose: 0 : 20196, 14, 2022/07/12, 18:50:00.495, 689990905721, vstest.console.dll, DataCollectionRequestSender.SendAfterTestRunStartAndGetResult: Send AfterTestRunEnd message with isCancelled: False
TpTrace Verbose: 0 : 20196, 14, 2022/07/12, 18:50:00.500, 689990956508, vstest.console.dll, DataCollectionRequestSender.SendAfterTestRunStartAndGetResult: Received message: (DataCollection.AfterTestRunEndResult) -> {
  "AttachmentSets": [],
  "InvokedDataCollectors": [
    {
      "Uri": "datacollector://Microsoft/TestPlatform/Extensions/Blame/v1",
      "FriendlyName": "Blame",
      "AssemblyQualifiedName": "Microsoft.TestPlatform.Extensions.BlameDataCollector.BlameCollector, Microsoft.TestPlatform.Extensions.BlameDataCollector, Version=15.0.0.0, Culture=neutral, PublicKeyToken=b03f5f7f11d50a3a",
      "FilePath": "C:\\Program Files\\dotnet\\sdk\\6.0.300\\Extensions\\Microsoft.TestPlatform.Extensions.BlameDataCollector.dll",
      "HasAttachmentProcessor": false
    }
  ],
  "Metrics": {}
}
TpTrace Warning: 0 : 20196, 10, 2022/07/12, 18:50:00.504, 689990994885, vstest.console.dll, DataCollectionLauncher.ErrorReceivedCallback datacollector standard error line: 
TpTrace Information: 0 : 20196, 14, 2022/07/12, 18:50:00.505, 689991004324, vstest.console.dll, ProxyDataCollectionManager.InvokeDataCollectionServiceAction: Completed.
TpTrace Information: 0 : 20196, 10, 2022/07/12, 18:50:00.508, 689991033946, vstest.console.dll, DataCollectionLauncher.ExitCallBack: Data collector exited with exitcode: 0 error: ''
TpTrace Verbose: 0 : 20196, 14, 2022/07/12, 18:50:00.526, 689991220905, vstest.console.dll, TestRunRequest:SendTestRunStatsChange: Starting.
TpTrace Verbose: 0 : 20196, 14, 2022/07/12, 18:50:00.527, 689991222086, vstest.console.dll, MulticastDelegateUtilities.SafeInvoke: TestRun.RunStatsChanged: Invoking callbacks was skipped because there are no subscribers.
TpTrace Verbose: 0 : 20196, 4, 2022/07/12, 18:50:00.527, 689991222328, vstest.console.dll, MulticastDelegateUtilities.SafeInvoke: InternalTestLoggerEvents.SendTestResult: Invoking callback 1/1 for Microsoft.VisualStudio.TestPlatform.CommandLine.Internal.ConsoleLogger.TestResultHandler, took 0 ms.
TpTrace Information: 0 : 20196, 14, 2022/07/12, 18:50:00.527, 689991222433, vstest.console.dll, TestRunRequest:SendTestRunStatsChange: Completed.
TpTrace Verbose: 0 : 20196, 4, 2022/07/12, 18:50:00.527, 689991223260, vstest.console.dll, MulticastDelegateUtilities.SafeInvoke: InternalTestLoggerEvents.SendTestResult: Invoking callback 1/1 for Microsoft.VisualStudio.TestPlatform.CommandLine.Internal.ConsoleLogger.TestResultHandler, took 0 ms.
TpTrace Verbose: 0 : 20196, 4, 2022/07/12, 18:50:00.527, 689991223904, vstest.console.dll, MulticastDelegateUtilities.SafeInvoke: InternalTestLoggerEvents.SendTestResult: Invoking callback 1/1 for Microsoft.VisualStudio.TestPlatform.CommandLine.Internal.ConsoleLogger.TestResultHandler, took 0 ms.
TpTrace Verbose: 0 : 20196, 4, 2022/07/12, 18:50:00.527, 689991224383, vstest.console.dll, MulticastDelegateUtilities.SafeInvoke: InternalTestLoggerEvents.SendTestResult: Invoking callback 1/1 for Microsoft.VisualStudio.TestPlatform.CommandLine.Internal.ConsoleLogger.TestResultHandler, took 0 ms.
TpTrace Verbose: 0 : 20196, 4, 2022/07/12, 18:50:00.527, 689991224837, vstest.console.dll, MulticastDelegateUtilities.SafeInvoke: InternalTestLoggerEvents.SendTestResult: Invoking callback 1/1 for Microsoft.VisualStudio.TestPlatform.CommandLine.Internal.ConsoleLogger.TestResultHandler, took 0 ms.
TpTrace Verbose: 0 : 20196, 4, 2022/07/12, 18:50:00.527, 689991225344, vstest.console.dll, MulticastDelegateUtilities.SafeInvoke: InternalTestLoggerEvents.SendTestResult: Invoking callback 1/1 for Microsoft.VisualStudio.TestPlatform.CommandLine.Internal.ConsoleLogger.TestResultHandler, took 0 ms.
TpTrace Verbose: 0 : 20196, 14, 2022/07/12, 18:50:00.527, 689991225434, vstest.console.dll, ParallelProxyExecutionManager: HandlePartialRunComplete: Total completed clients = 1, Run complete = True, Run canceled: False.
TpTrace Verbose: 0 : 20196, 4, 2022/07/12, 18:50:00.527, 689991225823, vstest.console.dll, MulticastDelegateUtilities.SafeInvoke: InternalTestLoggerEvents.SendTestResult: Invoking callback 1/1 for Microsoft.VisualStudio.TestPlatform.CommandLine.Internal.ConsoleLogger.TestResultHandler, took 0 ms.
TpTrace Verbose: 0 : 20196, 4, 2022/07/12, 18:50:00.529, 689991247341, vstest.console.dll, MulticastDelegateUtilities.SafeInvoke: InternalTestLoggerEvents.SendTestResult: Invoking callback 1/1 for Microsoft.VisualStudio.TestPlatform.CommandLine.Internal.ConsoleLogger.TestResultHandler, took 2 ms.
TpTrace Verbose: 0 : 20196, 4, 2022/07/12, 18:50:00.529, 689991248052, vstest.console.dll, MulticastDelegateUtilities.SafeInvoke: InternalTestLoggerEvents.SendTestResult: Invoking callback 1/1 for Microsoft.VisualStudio.TestPlatform.CommandLine.Internal.ConsoleLogger.TestResultHandler, took 0 ms.
TpTrace Verbose: 0 : 20196, 4, 2022/07/12, 18:50:00.535, 689991302030, vstest.console.dll, MulticastDelegateUtilities.SafeInvoke: InternalTestLoggerEvents.SendTestRunComplete: Invoking callback 1/2 for Microsoft.TestPlatform.Extensions.BlameDataCollector.BlameLogger.TestRunCompleteHandler, took 0 ms.
TpTrace Verbose: 0 : 20196, 4, 2022/07/12, 18:50:00.538, 689991340955, vstest.console.dll, MulticastDelegateUtilities.SafeInvoke: InternalTestLoggerEvents.SendTestRunComplete: Invoking callback 2/2 for Microsoft.VisualStudio.TestPlatform.CommandLine.Internal.ConsoleLogger.TestRunCompleteHandler, took 3 ms.
TpTrace Verbose: 0 : 20196, 14, 2022/07/12, 18:50:00.539, 689991344200, vstest.console.dll, TestRunRequest:TestRunComplete: Starting. IsAborted:False IsCanceled:False.
TpTrace Verbose: 0 : 20196, 14, 2022/07/12, 18:50:00.539, 689991348818, vstest.console.dll, TestLoggerManager.HandleTestRunComplete: Ignoring as the object is disposed.
TpTrace Verbose: 0 : 20196, 14, 2022/07/12, 18:50:00.539, 689991350130, vstest.console.dll, MulticastDelegateUtilities.SafeInvoke: TestRun.TestRunComplete: Invoking callback 1/2 for Microsoft.VisualStudio.TestPlatform.CommandLine.TestRunResultAggregator.TestRunCompletionHandler, took 0 ms.
TpTrace Verbose: 0 : 20196, 14, 2022/07/12, 18:50:00.539, 689991350695, vstest.console.dll, MulticastDelegateUtilities.SafeInvoke: TestRun.TestRunComplete: Invoking callback 2/2 for Microsoft.VisualStudio.TestPlatform.CommandLine.Processors.RunTestsArgumentExecutor+TestRunRequestEventsRegistrar.TestRunRequest_OnRunCompletion, took 0 ms.
TpTrace Information: 0 : 20196, 14, 2022/07/12, 18:50:00.540, 689991351313, vstest.console.dll, TestRunRequest:TestRunComplete: Completed.
TpTrace Verbose: 0 : 20196, 14, 2022/07/12, 18:50:00.540, 689991351625, vstest.console.dll, TestRequestSender.SetOperationComplete: Setting operation complete.
TpTrace Information: 0 : 20196, 14, 2022/07/12, 18:50:00.540, 689991351862, vstest.console.dll, SocketServer.Stop: Stop server endPoint: 127.0.0.1:58184
TpTrace Verbose: 0 : 20196, 1, 2022/07/12, 18:50:00.540, 689991351909, vstest.console.dll, TestRunRequest.Dispose: Starting.
TpTrace Information: 0 : 20196, 1, 2022/07/12, 18:50:00.540, 689991352658, vstest.console.dll, TestRunRequest.Dispose: Completed.
TpTrace Information: 0 : 20196, 14, 2022/07/12, 18:50:00.540, 689991352157, vstest.console.dll, SocketServer.Stop: Cancellation requested. Stopping message loop.
TpTrace Verbose: 0 : 20196, 14, 2022/07/12, 18:50:00.540, 689991353500, vstest.console.dll, MulticastDelegateUtilities.SafeInvoke: LengthPrefixCommunicationChannel: MessageReceived: Invoking callback 1/1 for Microsoft.VisualStudio.TestPlatform.CommunicationUtilities.TestRequestSender+<>c__DisplayClass30_0.<StartTestRun>b__1, took 73 ms.
TpTrace Information: 0 : 20196, 1, 2022/07/12, 18:50:00.540, 689991353053, vstest.console.dll, TestRequestManager.RunTests: run tests completed.
TpTrace Information: 0 : 20196, 14, 2022/07/12, 18:50:00.540, 689991353902, vstest.console.dll, SocketServer.PrivateStop: Stopping server endPoint: 127.0.0.1:58184 error: 
TpTrace Information: 0 : 20196, 1, 2022/07/12, 18:50:00.540, 689991354560, vstest.console.dll, RunTestsArgumentProcessor:Execute: Test run is completed.
TpTrace Verbose: 0 : 20196, 1, 2022/07/12, 18:50:00.540, 689991355909, vstest.console.dll, Executor.Execute: Exiting with exit code of 0
TpTrace Verbose: 0 : 20196, 14, 2022/07/12, 18:50:00.540, 689991357259, vstest.console.dll, LengthPrefixCommunicationChannel.Dispose: Dispose reader and writer.
TpTrace Information: 0 : 20196, 14, 2022/07/12, 18:50:00.540, 689991357850, vstest.console.dll, SocketServer.Stop: Raise disconnected event endPoint: 127.0.0.1:58184 error: 
TpTrace Verbose: 0 : 20196, 14, 2022/07/12, 18:50:00.540, 689991358286, vstest.console.dll, TestRequestSender: OnTestRunAbort: Operation is already complete. Skip error message.
TpTrace Verbose: 0 : 20196, 14, 2022/07/12, 18:50:00.540, 689991358634, vstest.console.dll, MulticastDelegateUtilities.SafeInvoke: SocketServer: ClientDisconnected: Invoking callback 1/1 for Microsoft.VisualStudio.TestPlatform.CommunicationUtilities.TestRequestSender.<InitializeCommunication>b__23_1, took 0 ms.
TpTrace Verbose: 0 : 20196, 14, 2022/07/12, 18:50:00.540, 689991358898, vstest.console.dll, TcpClientExtensions.MessageLoopAsync: exiting MessageLoopAsync remoteEndPoint: 127.0.0.1:58185 localEndPoint: 127.0.0.1:58184
